[1.470s] Invoking command in '/home/rcv/f1tenth_ws/src/f1tenth_system/f1tenth_stack': AMENT_PREFIX_PATH=/home/rcv/f1tenth_ws/install/vesc:/home/rcv/f1tenth_ws/install/vesc_driver:/home/rcv/f1tenth_ws/install/vesc_ackermann:/home/rcv/f1tenth_ws/install/joy_teleop:/home/rcv/f1tenth_ws/install/vesc_msgs:/home/rcv/f1tenth_ws/install/teleop_tools:/home/rcv/f1tenth_ws/install/teleop_tools_msgs:/home/rcv/f1tenth_ws/install/mouse_teleop:/home/rcv/f1tenth_ws/install/key_teleop:/home/rcv/f1tenth_ws/install/ackermann_mux:/opt/ros/humble CMAKE_PREFIX_PATH=/home/rcv/f1tenth_ws/install/vesc:/home/rcv/f1tenth_ws/install/vesc_driver:/home/rcv/f1tenth_ws/install/vesc_ackermann:/home/rcv/f1tenth_ws/install/vesc_msgs:/home/rcv/f1tenth_ws/install/teleop_tools_msgs:/home/rcv/f1tenth_ws/install/ackermann_mux:/home/rcv/f1tenth_ws/install/teleop_tools LD_LIBRARY_PATH=/home/rcv/f1tenth_ws/install/vesc_driver/lib:/home/rcv/f1tenth_ws/install/vesc_ackermann/lib:/home/rcv/f1tenth_ws/install/vesc_msgs/lib:/home/rcv/f1tenth_ws/install/teleop_tools_msgs/lib:/opt/ros/humble/opt/rviz_ogre_vendor/lib:/opt/ros/humble/lib/aarch64-linux-gnu:/opt/ros/humble/lib:/usr/local/cuda-12.2/lib64 PYTHONPATH=/home/rcv/f1tenth_ws/build/f1tenth_stack/prefix_override:/usr/lib/python3/dist-packages/colcon_core/task/python/colcon_distutils_commands:/home/rcv/f1tenth_ws/install/f1tenth_stack/lib/python3.10/site-packages:/home/rcv/f1tenth_ws/install/joy_teleop/lib/python3.10/site-packages:/home/rcv/f1tenth_ws/install/vesc_msgs/local/lib/python3.10/dist-packages:/home/rcv/f1tenth_ws/install/teleop_tools_msgs/local/lib/python3.10/dist-packages:/home/rcv/f1tenth_ws/install/mouse_teleop/lib/python3.10/site-packages:/home/rcv/f1tenth_ws/install/key_teleop/lib/python3.10/site-packages:/opt/ros/humble/lib/python3.10/site-packages:/opt/ros/humble/local/lib/python3.10/dist-packages /usr/bin/python3 -W ignore:setup.py install is deprecated setup.py egg_info --egg-base ../../../build/f1tenth_stack build --build-base /home/rcv/f1tenth_ws/build/f1tenth_stack/build install --record /home/rcv/f1tenth_ws/build/f1tenth_stack/install.log --install-scripts $base/lib/f1tenth_stack --single-version-externally-managed install_data
[2.000s] /usr/lib/python3/dist-packages/setuptools/dist.py:723: UserWarning: Usage of dash-separated 'script-dir' will not be supported in future versions. Please use the underscore name 'script_dir' instead
[2.001s]   warnings.warn(
[2.018s] running egg_info
[2.020s] creating ../../../build/f1tenth_stack/f1tenth_stack.egg-info
[2.020s] writing ../../../build/f1tenth_stack/f1tenth_stack.egg-info/PKG-INFO
[2.021s] writing dependency_links to ../../../build/f1tenth_stack/f1tenth_stack.egg-info/dependency_links.txt
[2.021s] writing entry points to ../../../build/f1tenth_stack/f1tenth_stack.egg-info/entry_points.txt
[2.021s] writing requirements to ../../../build/f1tenth_stack/f1tenth_stack.egg-info/requires.txt
[2.022s] writing top-level names to ../../../build/f1tenth_stack/f1tenth_stack.egg-info/top_level.txt
[2.022s] writing manifest file '../../../build/f1tenth_stack/f1tenth_stack.egg-info/SOURCES.txt'
[2.026s] reading manifest file '../../../build/f1tenth_stack/f1tenth_stack.egg-info/SOURCES.txt'
[2.027s] writing manifest file '../../../build/f1tenth_stack/f1tenth_stack.egg-info/SOURCES.txt'
[2.027s] running build
[2.028s] running build_py
[2.028s] creating /home/rcv/f1tenth_ws/build/f1tenth_stack/build
[2.028s] creating /home/rcv/f1tenth_ws/build/f1tenth_stack/build/lib
[2.028s] creating /home/rcv/f1tenth_ws/build/f1tenth_stack/build/lib/f1tenth_stack
[2.028s] copying f1tenth_stack/tf_publisher.py -> /home/rcv/f1tenth_ws/build/f1tenth_stack/build/lib/f1tenth_stack
[2.029s] copying f1tenth_stack/__init__.py -> /home/rcv/f1tenth_ws/build/f1tenth_stack/build/lib/f1tenth_stack
[2.029s] copying f1tenth_stack/throttle_interpolator.py -> /home/rcv/f1tenth_ws/build/f1tenth_stack/build/lib/f1tenth_stack
[2.029s] running install
[2.030s] running install_lib
[2.031s] creating /home/rcv/f1tenth_ws/install/f1tenth_stack/lib/python3.10/site-packages/f1tenth_stack
[2.032s] copying /home/rcv/f1tenth_ws/build/f1tenth_stack/build/lib/f1tenth_stack/tf_publisher.py -> /home/rcv/f1tenth_ws/install/f1tenth_stack/lib/python3.10/site-packages/f1tenth_stack
[2.032s] copying /home/rcv/f1tenth_ws/build/f1tenth_stack/build/lib/f1tenth_stack/__init__.py -> /home/rcv/f1tenth_ws/install/f1tenth_stack/lib/python3.10/site-packages/f1tenth_stack
[2.032s] copying /home/rcv/f1tenth_ws/build/f1tenth_stack/build/lib/f1tenth_stack/throttle_interpolator.py -> /home/rcv/f1tenth_ws/install/f1tenth_stack/lib/python3.10/site-packages/f1tenth_stack
[2.033s] byte-compiling /home/rcv/f1tenth_ws/install/f1tenth_stack/lib/python3.10/site-packages/f1tenth_stack/tf_publisher.py to tf_publisher.cpython-310.pyc
[2.035s] byte-compiling /home/rcv/f1tenth_ws/install/f1tenth_stack/lib/python3.10/site-packages/f1tenth_stack/__init__.py to __init__.cpython-310.pyc
[2.035s] byte-compiling /home/rcv/f1tenth_ws/install/f1tenth_stack/lib/python3.10/site-packages/f1tenth_stack/throttle_interpolator.py to throttle_interpolator.cpython-310.pyc
[2.037s] running install_data
[2.037s] creating /home/rcv/f1tenth_ws/install/f1tenth_stack/share/ament_index
[2.037s] creating /home/rcv/f1tenth_ws/install/f1tenth_stack/share/ament_index/resource_index
[2.037s] creating /home/rcv/f1tenth_ws/install/f1tenth_stack/share/ament_index/resource_index/packages
[2.038s] copying resource/f1tenth_stack -> /home/rcv/f1tenth_ws/install/f1tenth_stack/share/ament_index/resource_index/packages
[2.038s] copying package.xml -> /home/rcv/f1tenth_ws/install/f1tenth_stack/share/f1tenth_stack
[2.038s] creating /home/rcv/f1tenth_ws/install/f1tenth_stack/share/f1tenth_stack/launch
[2.038s] copying launch/bringup_launch.py -> /home/rcv/f1tenth_ws/install/f1tenth_stack/share/f1tenth_stack/launch
[2.038s] creating /home/rcv/f1tenth_ws/install/f1tenth_stack/share/f1tenth_stack/config
[2.039s] copying config/sensors.yaml -> /home/rcv/f1tenth_ws/install/f1tenth_stack/share/f1tenth_stack/config
[2.039s] copying config/mux.yaml -> /home/rcv/f1tenth_ws/install/f1tenth_stack/share/f1tenth_stack/config
[2.039s] copying config/joy_teleop.yaml -> /home/rcv/f1tenth_ws/install/f1tenth_stack/share/f1tenth_stack/config
[2.039s] copying config/vesc.yaml -> /home/rcv/f1tenth_ws/install/f1tenth_stack/share/f1tenth_stack/config
[2.039s] copying config/f1tenth_online_async.yaml -> /home/rcv/f1tenth_ws/install/f1tenth_stack/share/f1tenth_stack/config
[2.040s] running install_egg_info
[2.044s] Copying ../../../build/f1tenth_stack/f1tenth_stack.egg-info to /home/rcv/f1tenth_ws/install/f1tenth_stack/lib/python3.10/site-packages/f1tenth_stack-0.0.1-py3.10.egg-info
[2.046s] running install_scripts
[2.093s] Installing tf_publisher script to /home/rcv/f1tenth_ws/install/f1tenth_stack/lib/f1tenth_stack
[2.093s] Installing throttle_interpolator script to /home/rcv/f1tenth_ws/install/f1tenth_stack/lib/f1tenth_stack
[2.094s] writing list of installed files to '/home/rcv/f1tenth_ws/build/f1tenth_stack/install.log'
[2.164s] Invoked command in '/home/rcv/f1tenth_ws/src/f1tenth_system/f1tenth_stack' returned '0': AMENT_PREFIX_PATH=/home/rcv/f1tenth_ws/install/vesc:/home/rcv/f1tenth_ws/install/vesc_driver:/home/rcv/f1tenth_ws/install/vesc_ackermann:/home/rcv/f1tenth_ws/install/joy_teleop:/home/rcv/f1tenth_ws/install/vesc_msgs:/home/rcv/f1tenth_ws/install/teleop_tools:/home/rcv/f1tenth_ws/install/teleop_tools_msgs:/home/rcv/f1tenth_ws/install/mouse_teleop:/home/rcv/f1tenth_ws/install/key_teleop:/home/rcv/f1tenth_ws/install/ackermann_mux:/opt/ros/humble CMAKE_PREFIX_PATH=/home/rcv/f1tenth_ws/install/vesc:/home/rcv/f1tenth_ws/install/vesc_driver:/home/rcv/f1tenth_ws/install/vesc_ackermann:/home/rcv/f1tenth_ws/install/vesc_msgs:/home/rcv/f1tenth_ws/install/teleop_tools_msgs:/home/rcv/f1tenth_ws/install/ackermann_mux:/home/rcv/f1tenth_ws/install/teleop_tools LD_LIBRARY_PATH=/home/rcv/f1tenth_ws/install/vesc_driver/lib:/home/rcv/f1tenth_ws/install/vesc_ackermann/lib:/home/rcv/f1tenth_ws/install/vesc_msgs/lib:/home/rcv/f1tenth_ws/install/teleop_tools_msgs/lib:/opt/ros/humble/opt/rviz_ogre_vendor/lib:/opt/ros/humble/lib/aarch64-linux-gnu:/opt/ros/humble/lib:/usr/local/cuda-12.2/lib64 PYTHONPATH=/home/rcv/f1tenth_ws/build/f1tenth_stack/prefix_override:/usr/lib/python3/dist-packages/colcon_core/task/python/colcon_distutils_commands:/home/rcv/f1tenth_ws/install/f1tenth_stack/lib/python3.10/site-packages:/home/rcv/f1tenth_ws/install/joy_teleop/lib/python3.10/site-packages:/home/rcv/f1tenth_ws/install/vesc_msgs/local/lib/python3.10/dist-packages:/home/rcv/f1tenth_ws/install/teleop_tools_msgs/local/lib/python3.10/dist-packages:/home/rcv/f1tenth_ws/install/mouse_teleop/lib/python3.10/site-packages:/home/rcv/f1tenth_ws/install/key_teleop/lib/python3.10/site-packages:/opt/ros/humble/lib/python3.10/site-packages:/opt/ros/humble/local/lib/python3.10/dist-packages /usr/bin/python3 -W ignore:setup.py install is deprecated setup.py egg_info --egg-base ../../../build/f1tenth_stack build --build-base /home/rcv/f1tenth_ws/build/f1tenth_stack/build install --record /home/rcv/f1tenth_ws/build/f1tenth_stack/install.log --install-scripts $base/lib/f1tenth_stack --single-version-externally-managed install_data
