[0.074s] Invoking command in '/home/rcv/f1tenth_ws/build/vesc_ackermann': CMAKE_PREFIX_PATH=${CMAKE_PREFIX_PATH}:/home/rcv/f1tenth_ws/install/joy_teleop:/home/rcv/f1tenth_ws/install/mouse_teleop:/home/rcv/f1tenth_ws/install/key_teleop:/opt/ros/humble LD_LIBRARY_PATH=/home/rcv/f1tenth_ws/install/vesc_msgs/lib:/home/rcv/f1tenth_ws/install/teleop_tools_msgs/lib:/opt/ros/humble/opt/rviz_ogre_vendor/lib:/opt/ros/humble/lib/aarch64-linux-gnu:/opt/ros/humble/lib:/usr/local/cuda-12.2/lib64 /usr/bin/cmake --build /home/rcv/f1tenth_ws/build/vesc_ackermann -- -j4 -l4
[0.258s] [35m[1mConsolidate compiler generated dependencies of target vesc_ackermann[0m
[0.295s] [ 28%] Built target ackermann_to_vesc_node
[0.326s] [ 57%] Built target vesc_to_odom_node
[0.327s] [100%] Built target vesc_ackermann
[0.800s] Invoked command in '/home/rcv/f1tenth_ws/build/vesc_ackermann' returned '0': CMAKE_PREFIX_PATH=${CMAKE_PREFIX_PATH}:/home/rcv/f1tenth_ws/install/joy_teleop:/home/rcv/f1tenth_ws/install/mouse_teleop:/home/rcv/f1tenth_ws/install/key_teleop:/opt/ros/humble LD_LIBRARY_PATH=/home/rcv/f1tenth_ws/install/vesc_msgs/lib:/home/rcv/f1tenth_ws/install/teleop_tools_msgs/lib:/opt/ros/humble/opt/rviz_ogre_vendor/lib:/opt/ros/humble/lib/aarch64-linux-gnu:/opt/ros/humble/lib:/usr/local/cuda-12.2/lib64 /usr/bin/cmake --build /home/rcv/f1tenth_ws/build/vesc_ackermann -- -j4 -l4
[0.897s] Invoking command in '/home/rcv/f1tenth_ws/build/vesc_ackermann': CMAKE_PREFIX_PATH=${CMAKE_PREFIX_PATH}:/home/rcv/f1tenth_ws/install/joy_teleop:/home/rcv/f1tenth_ws/install/mouse_teleop:/home/rcv/f1tenth_ws/install/key_teleop:/opt/ros/humble LD_LIBRARY_PATH=/home/rcv/f1tenth_ws/install/vesc_msgs/lib:/home/rcv/f1tenth_ws/install/teleop_tools_msgs/lib:/opt/ros/humble/opt/rviz_ogre_vendor/lib:/opt/ros/humble/lib/aarch64-linux-gnu:/opt/ros/humble/lib:/usr/local/cuda-12.2/lib64 /usr/bin/cmake --install /home/rcv/f1tenth_ws/build/vesc_ackermann
[0.941s] -- Install configuration: ""
[0.942s] -- Up-to-date: /home/rcv/f1tenth_ws/install/vesc_ackermann/lib/vesc_ackermann/ackermann_to_vesc_node
[0.943s] -- Up-to-date: /home/rcv/f1tenth_ws/install/vesc_ackermann/lib/vesc_ackermann/vesc_to_odom_node
[0.944s] -- Up-to-date: /home/rcv/f1tenth_ws/install/vesc_ackermann/include
[0.949s] -- Up-to-date: /home/rcv/f1tenth_ws/install/vesc_ackermann/include/vesc_ackermann
[0.950s] -- Up-to-date: /home/rcv/f1tenth_ws/install/vesc_ackermann/include/vesc_ackermann/vesc_to_odom.hpp
[0.950s] -- Up-to-date: /home/rcv/f1tenth_ws/install/vesc_ackermann/include/vesc_ackermann/ackermann_to_vesc.hpp
[0.950s] -- Up-to-date: /home/rcv/f1tenth_ws/install/vesc_ackermann/share/vesc_ackermann/environment/library_path.sh
[0.950s] -- Up-to-date: /home/rcv/f1tenth_ws/install/vesc_ackermann/share/vesc_ackermann/environment/library_path.dsv
[0.950s] -- Up-to-date: /home/rcv/f1tenth_ws/install/vesc_ackermann/lib/libvesc_ackermann.so
[0.950s] -- Up-to-date: /home/rcv/f1tenth_ws/install/vesc_ackermann/share/vesc_ackermann/launch
[0.950s] -- Up-to-date: /home/rcv/f1tenth_ws/install/vesc_ackermann/share/vesc_ackermann/launch/ackermann_to_vesc_node.launch.xml
[0.951s] -- Up-to-date: /home/rcv/f1tenth_ws/install/vesc_ackermann/share/vesc_ackermann/launch/vesc_to_odom_node.launch.xml
[0.951s] -- Up-to-date: /home/rcv/f1tenth_ws/install/vesc_ackermann/share/ament_index/resource_index/package_run_dependencies/vesc_ackermann
[0.951s] -- Up-to-date: /home/rcv/f1tenth_ws/install/vesc_ackermann/share/ament_index/resource_index/parent_prefix_path/vesc_ackermann
[0.951s] -- Up-to-date: /home/rcv/f1tenth_ws/install/vesc_ackermann/share/vesc_ackermann/environment/ament_prefix_path.sh
[0.951s] -- Up-to-date: /home/rcv/f1tenth_ws/install/vesc_ackermann/share/vesc_ackermann/environment/ament_prefix_path.dsv
[0.951s] -- Up-to-date: /home/rcv/f1tenth_ws/install/vesc_ackermann/share/vesc_ackermann/environment/path.sh
[0.951s] -- Up-to-date: /home/rcv/f1tenth_ws/install/vesc_ackermann/share/vesc_ackermann/environment/path.dsv
[0.952s] -- Up-to-date: /home/rcv/f1tenth_ws/install/vesc_ackermann/share/vesc_ackermann/local_setup.bash
[0.952s] -- Up-to-date: /home/rcv/f1tenth_ws/install/vesc_ackermann/share/vesc_ackermann/local_setup.sh
[0.952s] -- Up-to-date: /home/rcv/f1tenth_ws/install/vesc_ackermann/share/vesc_ackermann/local_setup.zsh
[0.952s] -- Up-to-date: /home/rcv/f1tenth_ws/install/vesc_ackermann/share/vesc_ackermann/local_setup.dsv
[0.952s] -- Installing: /home/rcv/f1tenth_ws/install/vesc_ackermann/share/vesc_ackermann/package.dsv
[0.952s] -- Up-to-date: /home/rcv/f1tenth_ws/install/vesc_ackermann/share/ament_index/resource_index/packages/vesc_ackermann
[0.952s] -- Up-to-date: /home/rcv/f1tenth_ws/install/vesc_ackermann/share/ament_index/resource_index/rclcpp_components/vesc_ackermann
[0.953s] -- Up-to-date: /home/rcv/f1tenth_ws/install/vesc_ackermann/share/vesc_ackermann/cmake/ament_cmake_export_dependencies-extras.cmake
[0.953s] -- Up-to-date: /home/rcv/f1tenth_ws/install/vesc_ackermann/share/vesc_ackermann/cmake/ament_cmake_export_include_directories-extras.cmake
[0.953s] -- Up-to-date: /home/rcv/f1tenth_ws/install/vesc_ackermann/share/vesc_ackermann/cmake/ament_cmake_export_libraries-extras.cmake
[0.953s] -- Up-to-date: /home/rcv/f1tenth_ws/install/vesc_ackermann/share/vesc_ackermann/cmake/vesc_ackermannConfig.cmake
[0.953s] -- Up-to-date: /home/rcv/f1tenth_ws/install/vesc_ackermann/share/vesc_ackermann/cmake/vesc_ackermannConfig-version.cmake
[0.953s] -- Up-to-date: /home/rcv/f1tenth_ws/install/vesc_ackermann/share/vesc_ackermann/package.xml
[0.969s] Invoked command in '/home/rcv/f1tenth_ws/build/vesc_ackermann' returned '0': CMAKE_PREFIX_PATH=${CMAKE_PREFIX_PATH}:/home/rcv/f1tenth_ws/install/joy_teleop:/home/rcv/f1tenth_ws/install/mouse_teleop:/home/rcv/f1tenth_ws/install/key_teleop:/opt/ros/humble LD_LIBRARY_PATH=/home/rcv/f1tenth_ws/install/vesc_msgs/lib:/home/rcv/f1tenth_ws/install/teleop_tools_msgs/lib:/opt/ros/humble/opt/rviz_ogre_vendor/lib:/opt/ros/humble/lib/aarch64-linux-gnu:/opt/ros/humble/lib:/usr/local/cuda-12.2/lib64 /usr/bin/cmake --install /home/rcv/f1tenth_ws/build/vesc_ackermann
