[1.733s] Invoking command in '/home/rcv/f1tenth_ws/src/f1tenth_system/teleop_tools/joy_teleop': CMAKE_PREFIX_PATH=/home/rcv/f1tenth_ws/install/teleop_tools_msgs:/home/rcv/f1tenth_ws/install/vesc_msgs:/home/rcv/f1tenth_ws/install/teleop_tools:/home/rcv/f1tenth_ws/install/ackermann_mux LD_LIBRARY_PATH=/home/rcv/f1tenth_ws/install/teleop_tools_msgs/lib:/usr/local/cuda-12.2/lib64:/usr/local/cuda-12.2/lib64:/home/rcv/f1tenth_ws/install/vesc_msgs/lib:/opt/ros/humble/opt/rviz_ogre_vendor/lib:/opt/ros/humble/lib/aarch64-linux-gnu:/opt/ros/humble/lib:/usr/local/cuda-12.2/lib64 PYTHONPATH=/home/rcv/f1tenth_ws/build/joy_teleop/prefix_override:/usr/lib/python3/dist-packages/colcon_core/task/python/colcon_distutils_commands:/home/rcv/f1tenth_ws/install/joy_teleop/lib/python3.10/site-packages:${PYTHONPATH} /usr/bin/python3 -W ignore:setup.py install is deprecated setup.py egg_info --egg-base ../../../../build/joy_teleop build --build-base /home/rcv/f1tenth_ws/build/joy_teleop/build install --record /home/rcv/f1tenth_ws/build/joy_teleop/install.log --install-scripts $base/lib/joy_teleop --single-version-externally-managed install_data
[2.372s] /usr/lib/python3/dist-packages/setuptools/dist.py:723: UserWarning: Usage of dash-separated 'script-dir' will not be supported in future versions. Please use the underscore name 'script_dir' instead
[2.372s]   warnings.warn(
[2.395s] running egg_info
[2.397s] creating ../../../../build/joy_teleop/joy_teleop.egg-info
[2.398s] writing ../../../../build/joy_teleop/joy_teleop.egg-info/PKG-INFO
[2.399s] writing dependency_links to ../../../../build/joy_teleop/joy_teleop.egg-info/dependency_links.txt
[2.400s] writing entry points to ../../../../build/joy_teleop/joy_teleop.egg-info/entry_points.txt
[2.401s] writing requirements to ../../../../build/joy_teleop/joy_teleop.egg-info/requires.txt
[2.401s] writing top-level names to ../../../../build/joy_teleop/joy_teleop.egg-info/top_level.txt
[2.402s] writing manifest file '../../../../build/joy_teleop/joy_teleop.egg-info/SOURCES.txt'
[2.408s] reading manifest file '../../../../build/joy_teleop/joy_teleop.egg-info/SOURCES.txt'
[2.410s] writing manifest file '../../../../build/joy_teleop/joy_teleop.egg-info/SOURCES.txt'
[2.411s] running build
[2.411s] running build_py
[2.412s] creating /home/rcv/f1tenth_ws/build/joy_teleop/build
[2.412s] creating /home/rcv/f1tenth_ws/build/joy_teleop/build/lib
[2.413s] creating /home/rcv/f1tenth_ws/build/joy_teleop/build/lib/joy_teleop
[2.413s] copying joy_teleop/__init__.py -> /home/rcv/f1tenth_ws/build/joy_teleop/build/lib/joy_teleop
[2.414s] copying joy_teleop/incrementer_server.py -> /home/rcv/f1tenth_ws/build/joy_teleop/build/lib/joy_teleop
[2.414s] copying joy_teleop/joy_teleop.py -> /home/rcv/f1tenth_ws/build/joy_teleop/build/lib/joy_teleop
[2.415s] running install
[2.416s] running install_lib
[2.419s] creating /home/rcv/f1tenth_ws/install/joy_teleop/lib/python3.10/site-packages/joy_teleop
[2.419s] copying /home/rcv/f1tenth_ws/build/joy_teleop/build/lib/joy_teleop/__init__.py -> /home/rcv/f1tenth_ws/install/joy_teleop/lib/python3.10/site-packages/joy_teleop
[2.420s] copying /home/rcv/f1tenth_ws/build/joy_teleop/build/lib/joy_teleop/incrementer_server.py -> /home/rcv/f1tenth_ws/install/joy_teleop/lib/python3.10/site-packages/joy_teleop
[2.421s] copying /home/rcv/f1tenth_ws/build/joy_teleop/build/lib/joy_teleop/joy_teleop.py -> /home/rcv/f1tenth_ws/install/joy_teleop/lib/python3.10/site-packages/joy_teleop
[2.422s] byte-compiling /home/rcv/f1tenth_ws/install/joy_teleop/lib/python3.10/site-packages/joy_teleop/__init__.py to __init__.cpython-310.pyc
[2.424s] byte-compiling /home/rcv/f1tenth_ws/install/joy_teleop/lib/python3.10/site-packages/joy_teleop/incrementer_server.py to incrementer_server.cpython-310.pyc
[2.425s] byte-compiling /home/rcv/f1tenth_ws/install/joy_teleop/lib/python3.10/site-packages/joy_teleop/joy_teleop.py to joy_teleop.cpython-310.pyc
[2.432s] running install_data
[2.433s] copying package.xml -> /home/rcv/f1tenth_ws/install/joy_teleop/share/joy_teleop
[2.433s] creating /home/rcv/f1tenth_ws/install/joy_teleop/share/joy_teleop/config
[2.434s] copying config/joy_teleop_example.yaml -> /home/rcv/f1tenth_ws/install/joy_teleop/share/joy_teleop/config
[2.441s] creating /home/rcv/f1tenth_ws/install/joy_teleop/share/joy_teleop/launch
[2.443s] copying launch/example.launch.py -> /home/rcv/f1tenth_ws/install/joy_teleop/share/joy_teleop/launch
[2.444s] creating /home/rcv/f1tenth_ws/install/joy_teleop/share/ament_index
[2.444s] creating /home/rcv/f1tenth_ws/install/joy_teleop/share/ament_index/resource_index
[2.445s] creating /home/rcv/f1tenth_ws/install/joy_teleop/share/ament_index/resource_index/packages
[2.446s] copying resource/joy_teleop -> /home/rcv/f1tenth_ws/install/joy_teleop/share/ament_index/resource_index/packages
[2.446s] running install_egg_info
[2.451s] Copying ../../../../build/joy_teleop/joy_teleop.egg-info to /home/rcv/f1tenth_ws/install/joy_teleop/lib/python3.10/site-packages/joy_teleop-0.3.0-py3.10.egg-info
[2.455s] running install_scripts
[2.508s] Installing incrementer_server script to /home/rcv/f1tenth_ws/install/joy_teleop/lib/joy_teleop
[2.509s] Installing joy_teleop script to /home/rcv/f1tenth_ws/install/joy_teleop/lib/joy_teleop
[2.509s] writing list of installed files to '/home/rcv/f1tenth_ws/build/joy_teleop/install.log'
[2.612s] Invoked command in '/home/rcv/f1tenth_ws/src/f1tenth_system/teleop_tools/joy_teleop' returned '0': CMAKE_PREFIX_PATH=/home/rcv/f1tenth_ws/install/teleop_tools_msgs:/home/rcv/f1tenth_ws/install/vesc_msgs:/home/rcv/f1tenth_ws/install/teleop_tools:/home/rcv/f1tenth_ws/install/ackermann_mux LD_LIBRARY_PATH=/home/rcv/f1tenth_ws/install/teleop_tools_msgs/lib:/usr/local/cuda-12.2/lib64:/usr/local/cuda-12.2/lib64:/home/rcv/f1tenth_ws/install/vesc_msgs/lib:/opt/ros/humble/opt/rviz_ogre_vendor/lib:/opt/ros/humble/lib/aarch64-linux-gnu:/opt/ros/humble/lib:/usr/local/cuda-12.2/lib64 PYTHONPATH=/home/rcv/f1tenth_ws/build/joy_teleop/prefix_override:/usr/lib/python3/dist-packages/colcon_core/task/python/colcon_distutils_commands:/home/rcv/f1tenth_ws/install/joy_teleop/lib/python3.10/site-packages:${PYTHONPATH} /usr/bin/python3 -W ignore:setup.py install is deprecated setup.py egg_info --egg-base ../../../../build/joy_teleop build --build-base /home/rcv/f1tenth_ws/build/joy_teleop/build install --record /home/rcv/f1tenth_ws/build/joy_teleop/install.log --install-scripts $base/lib/joy_teleop --single-version-externally-managed install_data
