[0.096s] Invoking command in '/home/rcv/f1tenth_ws/build/vesc_driver': CMAKE_PREFIX_PATH=${CMAKE_PREFIX_PATH}/home/rcv/f1tenth_ws/install/joy_teleop:/home/rcv/f1tenth_ws/install/mouse_teleop:/home/rcv/f1tenth_ws/install/key_teleop:/opt/ros/humble: LD_LIBRARY_PATH=/home/rcv/f1tenth_ws/install/vesc_msgs/lib:/usr/local/cuda-12.2/lib64:/usr/local/cuda-12.2/lib64:/home/rcv/f1tenth_ws/install/teleop_tools_msgs/lib:/opt/ros/humble/opt/rviz_ogre_vendor/lib:/opt/ros/humble/lib/aarch64-linux-gnu:/opt/ros/humble/lib:/usr/local/cuda-12.2/lib64 /usr/bin/cmake /home/rcv/f1tenth_ws/src/f1tenth_system/vesc/vesc_driver -DCMAKE_INSTALL_PREFIX=/home/rcv/f1tenth_ws/install/vesc_driver
[0.146s] -- Found ament_cmake_auto: 1.3.10 (/opt/ros/humble/share/ament_cmake_auto/cmake)
[1.364s] -- Found rosidl_generator_c: 3.1.5 (/opt/ros/humble/share/rosidl_generator_c/cmake)
[1.382s] -- Found rosidl_adapter: 3.1.5 (/opt/ros/humble/share/rosidl_adapter/cmake)
[1.408s] -- Found rosidl_generator_cpp: 3.1.5 (/opt/ros/humble/share/rosidl_generator_cpp/cmake)
[1.454s] -- Using all available rosidl_typesupport_c: rosidl_typesupport_fastrtps_c;rosidl_typesupport_introspection_c
[1.508s] -- Using all available rosidl_typesupport_cpp: rosidl_typesupport_fastrtps_cpp;rosidl_typesupport_introspection_cpp
[1.661s] -- Found rmw_implementation_cmake: 6.1.2 (/opt/ros/humble/share/rmw_implementation_cmake/cmake)
[1.664s] -- Found rmw_fastrtps_cpp: 6.2.7 (/opt/ros/humble/share/rmw_fastrtps_cpp/cmake)
[2.126s] -- Using RMW implementation 'rmw_fastrtps_cpp' as default
[2.653s] -- Found asio_cmake_module: 1.2.0 (/opt/ros/humble/share/asio_cmake_module/cmake)
[2.656s] -- Found ASIO: /usr/include  
[2.952s] -- Found ament_lint_auto: 0.12.11 (/opt/ros/humble/share/ament_lint_auto/cmake)
[3.070s] -- Added test 'copyright' to check source files copyright and LICENSE
[3.074s] -- Added test 'cppcheck' to perform static code analysis on C / C++ code
[3.075s] -- Configured cppcheck include dirs: /home/rcv/f1tenth_ws/src/f1tenth_system/vesc/vesc_driver/include
[3.087s] -- Configured cppcheck exclude dirs and/or files: 
[3.089s] -- Added test 'cpplint' to check C / C++ code against the Google style
[3.090s] -- Configured cpplint exclude dirs and/or files: 
[3.091s] -- Added test 'flake8' to check Python code syntax and style conventions
[3.093s] -- Added test 'lint_cmake' to check CMake code style
[3.094s] -- Added test 'pep257' to check Python code against some of the docstring style conventions in PEP 257
[3.097s] -- Added test 'uncrustify' to check C / C++ code style
[3.106s] -- Configured uncrustify additional arguments: 
[3.108s] -- Added test 'xmllint' to check XML markup files
[3.119s] -- Configuring done
[3.270s] -- Generating done
[3.288s] -- Build files have been written to: /home/rcv/f1tenth_ws/build/vesc_driver
[3.359s] Invoked command in '/home/rcv/f1tenth_ws/build/vesc_driver' returned '0': CMAKE_PREFIX_PATH=${CMAKE_PREFIX_PATH}/home/rcv/f1tenth_ws/install/joy_teleop:/home/rcv/f1tenth_ws/install/mouse_teleop:/home/rcv/f1tenth_ws/install/key_teleop:/opt/ros/humble: LD_LIBRARY_PATH=/home/rcv/f1tenth_ws/install/vesc_msgs/lib:/usr/local/cuda-12.2/lib64:/usr/local/cuda-12.2/lib64:/home/rcv/f1tenth_ws/install/teleop_tools_msgs/lib:/opt/ros/humble/opt/rviz_ogre_vendor/lib:/opt/ros/humble/lib/aarch64-linux-gnu:/opt/ros/humble/lib:/usr/local/cuda-12.2/lib64 /usr/bin/cmake /home/rcv/f1tenth_ws/src/f1tenth_system/vesc/vesc_driver -DCMAKE_INSTALL_PREFIX=/home/rcv/f1tenth_ws/install/vesc_driver
[3.360s] Invoking command in '/home/rcv/f1tenth_ws/build/vesc_driver': CMAKE_PREFIX_PATH=${CMAKE_PREFIX_PATH}/home/rcv/f1tenth_ws/install/joy_teleop:/home/rcv/f1tenth_ws/install/mouse_teleop:/home/rcv/f1tenth_ws/install/key_teleop:/opt/ros/humble: LD_LIBRARY_PATH=/home/rcv/f1tenth_ws/install/vesc_msgs/lib:/usr/local/cuda-12.2/lib64:/usr/local/cuda-12.2/lib64:/home/rcv/f1tenth_ws/install/teleop_tools_msgs/lib:/opt/ros/humble/opt/rviz_ogre_vendor/lib:/opt/ros/humble/lib/aarch64-linux-gnu:/opt/ros/humble/lib:/usr/local/cuda-12.2/lib64 /usr/bin/cmake --build /home/rcv/f1tenth_ws/build/vesc_driver -- -j4 -l4
[3.674s] [ 10%] [32mBuilding CXX object CMakeFiles/vesc_driver.dir/src/vesc_interface.cpp.o[0m
[3.678s] [ 20%] [32mBuilding CXX object CMakeFiles/vesc_driver.dir/src/vesc_driver.cpp.o[0m
[3.698s] [ 30%] [32mBuilding CXX object CMakeFiles/vesc_driver.dir/src/vesc_packet.cpp.o[0m
[3.715s] [ 40%] [32mBuilding CXX object CMakeFiles/vesc_driver_node.dir/rclcpp_components/node_main_vesc_driver_node.cpp.o[0m
[7.702s] [ 50%] [32mBuilding CXX object CMakeFiles/vesc_driver.dir/src/vesc_packet_factory.cpp.o[0m
[17.586s] [ 60%] [32m[1mLinking CXX executable vesc_driver_node[0m
[17.997s] [ 60%] Built target vesc_driver_node
[33.414s] [ 70%] [32m[1mLinking CXX shared library libvesc_driver.so[0m
[34.819s] [ 70%] Built target vesc_driver
[34.860s] [ 90%] [32mBuilding CXX object CMakeFiles/vesc_device_namer.dir/src/vesc_device_namer.cpp.o[0m
[34.860s] [ 90%] [32mBuilding CXX object CMakeFiles/vesc_device_namer.dir/src/vesc_device_uuid_lookup.cpp.o[0m
[36.562s] [100%] [32m[1mLinking CXX executable vesc_device_namer[0m
[37.190s] [100%] Built target vesc_device_namer
