[2.001s] Invoking command in '/home/rcv/f1tenth_ws/src/f1tenth_system/teleop_tools/key_teleop': PYTHONPATH=/home/rcv/f1tenth_ws/build/key_teleop/prefix_override:/usr/lib/python3/dist-packages/colcon_core/task/python/colcon_distutils_commands:/home/rcv/f1tenth_ws/install/key_teleop/lib/python3.10/site-packages:${PYTHONPATH} /usr/bin/python3 -W ignore:setup.py install is deprecated setup.py egg_info --egg-base ../../../../build/key_teleop build --build-base /home/rcv/f1tenth_ws/build/key_teleop/build install --record /home/rcv/f1tenth_ws/build/key_teleop/install.log --install-scripts $base/lib/key_teleop --single-version-externally-managed install_data
[2.706s] /usr/lib/python3/dist-packages/setuptools/dist.py:723: UserWarning: Usage of dash-separated 'script-dir' will not be supported in future versions. Please use the underscore name 'script_dir' instead
[2.706s]   warnings.warn(
[2.730s] running egg_info
[2.733s] writing ../../../../build/key_teleop/key_teleop.egg-info/PKG-INFO
[2.734s] writing dependency_links to ../../../../build/key_teleop/key_teleop.egg-info/dependency_links.txt
[2.736s] writing entry points to ../../../../build/key_teleop/key_teleop.egg-info/entry_points.txt
[2.737s] writing requirements to ../../../../build/key_teleop/key_teleop.egg-info/requires.txt
[2.738s] writing top-level names to ../../../../build/key_teleop/key_teleop.egg-info/top_level.txt
[2.744s] reading manifest file '../../../../build/key_teleop/key_teleop.egg-info/SOURCES.txt'
[2.745s] adding license file 'LICENSE'
[2.747s] writing manifest file '../../../../build/key_teleop/key_teleop.egg-info/SOURCES.txt'
[2.748s] running build
[2.748s] running build_py
[2.750s] running install
[2.751s] running install_lib
[2.755s] running install_data
[2.756s] running install_egg_info
[2.761s] removing '/home/rcv/f1tenth_ws/install/key_teleop/lib/python3.10/site-packages/key_teleop-0.3.0-py3.10.egg-info' (and everything under it)
[2.766s] Copying ../../../../build/key_teleop/key_teleop.egg-info to /home/rcv/f1tenth_ws/install/key_teleop/lib/python3.10/site-packages/key_teleop-0.3.0-py3.10.egg-info
[2.798s] running install_scripts
[2.860s] Installing key_teleop script to /home/rcv/f1tenth_ws/install/key_teleop/lib/key_teleop
[2.860s] writing list of installed files to '/home/rcv/f1tenth_ws/build/key_teleop/install.log'
[3.397s] Invoked command in '/home/rcv/f1tenth_ws/src/f1tenth_system/teleop_tools/key_teleop' returned '0': PYTHONPATH=/home/rcv/f1tenth_ws/build/key_teleop/prefix_override:/usr/lib/python3/dist-packages/colcon_core/task/python/colcon_distutils_commands:/home/rcv/f1tenth_ws/install/key_teleop/lib/python3.10/site-packages:${PYTHONPATH} /usr/bin/python3 -W ignore:setup.py install is deprecated setup.py egg_info --egg-base ../../../../build/key_teleop build --build-base /home/rcv/f1tenth_ws/build/key_teleop/build install --record /home/rcv/f1tenth_ws/build/key_teleop/install.log --install-scripts $base/lib/key_teleop --single-version-externally-managed install_data
