[2.010s] Invoking command in '/home/rcv/f1tenth_ws/src/f1tenth_system/teleop_tools/mouse_teleop': PYTHONPATH=/home/rcv/f1tenth_ws/build/mouse_teleop/prefix_override:/usr/lib/python3/dist-packages/colcon_core/task/python/colcon_distutils_commands:/home/rcv/f1tenth_ws/install/mouse_teleop/lib/python3.10/site-packages:${PYTHONPATH} /usr/bin/python3 -W ignore:setup.py install is deprecated setup.py egg_info --egg-base ../../../../build/mouse_teleop build --build-base /home/rcv/f1tenth_ws/build/mouse_teleop/build install --record /home/rcv/f1tenth_ws/build/mouse_teleop/install.log --install-scripts $base/lib/mouse_teleop --single-version-externally-managed install_data
[3.372s] /usr/lib/python3/dist-packages/setuptools/dist.py:723: UserWarning: Usage of dash-separated 'script-dir' will not be supported in future versions. Please use the underscore name 'script_dir' instead
[3.377s]   warnings.warn(
[3.441s] running egg_info
[3.455s] creating ../../../../build/mouse_teleop/mouse_teleop.egg-info
[3.456s] writing ../../../../build/mouse_teleop/mouse_teleop.egg-info/PKG-INFO
[3.464s] writing dependency_links to ../../../../build/mouse_teleop/mouse_teleop.egg-info/dependency_links.txt
[3.465s] writing entry points to ../../../../build/mouse_teleop/mouse_teleop.egg-info/entry_points.txt
[3.466s] writing requirements to ../../../../build/mouse_teleop/mouse_teleop.egg-info/requires.txt
[3.466s] writing top-level names to ../../../../build/mouse_teleop/mouse_teleop.egg-info/top_level.txt
[3.467s] writing manifest file '../../../../build/mouse_teleop/mouse_teleop.egg-info/SOURCES.txt'
[3.473s] reading manifest file '../../../../build/mouse_teleop/mouse_teleop.egg-info/SOURCES.txt'
[3.489s] adding license file 'LICENSE'
[3.491s] writing manifest file '../../../../build/mouse_teleop/mouse_teleop.egg-info/SOURCES.txt'
[3.502s] running build
[3.502s] running build_py
[3.503s] creating /home/rcv/f1tenth_ws/build/mouse_teleop/build
[3.504s] creating /home/rcv/f1tenth_ws/build/mouse_teleop/build/lib
[3.504s] creating /home/rcv/f1tenth_ws/build/mouse_teleop/build/lib/mouse_teleop
[3.505s] copying mouse_teleop/mouse_teleop.py -> /home/rcv/f1tenth_ws/build/mouse_teleop/build/lib/mouse_teleop
[3.506s] copying mouse_teleop/__init__.py -> /home/rcv/f1tenth_ws/build/mouse_teleop/build/lib/mouse_teleop
[3.507s] running install
[3.508s] running install_lib
[3.510s] creating /home/rcv/f1tenth_ws/install/mouse_teleop/lib/python3.10/site-packages/mouse_teleop
[3.517s] copying /home/rcv/f1tenth_ws/build/mouse_teleop/build/lib/mouse_teleop/mouse_teleop.py -> /home/rcv/f1tenth_ws/install/mouse_teleop/lib/python3.10/site-packages/mouse_teleop
[3.518s] copying /home/rcv/f1tenth_ws/build/mouse_teleop/build/lib/mouse_teleop/__init__.py -> /home/rcv/f1tenth_ws/install/mouse_teleop/lib/python3.10/site-packages/mouse_teleop
[3.520s] byte-compiling /home/rcv/f1tenth_ws/install/mouse_teleop/lib/python3.10/site-packages/mouse_teleop/mouse_teleop.py to mouse_teleop.cpython-310.pyc
[3.533s] byte-compiling /home/rcv/f1tenth_ws/install/mouse_teleop/lib/python3.10/site-packages/mouse_teleop/__init__.py to __init__.cpython-310.pyc
[3.542s] running install_data
[3.543s] copying package.xml -> /home/rcv/f1tenth_ws/install/mouse_teleop/share/mouse_teleop
[3.543s] creating /home/rcv/f1tenth_ws/install/mouse_teleop/share/mouse_teleop/config
[3.544s] copying config/mouse_teleop.yaml -> /home/rcv/f1tenth_ws/install/mouse_teleop/share/mouse_teleop/config
[3.544s] creating /home/rcv/f1tenth_ws/install/mouse_teleop/share/mouse_teleop/launch
[3.545s] copying launch/mouse_teleop.launch.py -> /home/rcv/f1tenth_ws/install/mouse_teleop/share/mouse_teleop/launch
[3.545s] creating /home/rcv/f1tenth_ws/install/mouse_teleop/share/ament_index
[3.546s] creating /home/rcv/f1tenth_ws/install/mouse_teleop/share/ament_index/resource_index
[3.546s] creating /home/rcv/f1tenth_ws/install/mouse_teleop/share/ament_index/resource_index/packages
[3.547s] copying resource/mouse_teleop -> /home/rcv/f1tenth_ws/install/mouse_teleop/share/ament_index/resource_index/packages
[3.547s] running install_egg_info
[3.570s] Copying ../../../../build/mouse_teleop/mouse_teleop.egg-info to /home/rcv/f1tenth_ws/install/mouse_teleop/lib/python3.10/site-packages/mouse_teleop-0.3.0-py3.10.egg-info
[3.573s] running install_scripts
[3.740s] Installing mouse_teleop script to /home/rcv/f1tenth_ws/install/mouse_teleop/lib/mouse_teleop
[3.751s] writing list of installed files to '/home/rcv/f1tenth_ws/build/mouse_teleop/install.log'
[3.997s] Invoked command in '/home/rcv/f1tenth_ws/src/f1tenth_system/teleop_tools/mouse_teleop' returned '0': PYTHONPATH=/home/rcv/f1tenth_ws/build/mouse_teleop/prefix_override:/usr/lib/python3/dist-packages/colcon_core/task/python/colcon_distutils_commands:/home/rcv/f1tenth_ws/install/mouse_teleop/lib/python3.10/site-packages:${PYTHONPATH} /usr/bin/python3 -W ignore:setup.py install is deprecated setup.py egg_info --egg-base ../../../../build/mouse_teleop build --build-base /home/rcv/f1tenth_ws/build/mouse_teleop/build install --record /home/rcv/f1tenth_ws/build/mouse_teleop/install.log --install-scripts $base/lib/mouse_teleop --single-version-externally-managed install_data
