[0.081s] Invoking command in '/home/rcv/f1tenth_ws/build/ackermann_mux': CMAKE_PREFIX_PATH=${CMAKE_PREFIX_PATH}:/home/rcv/f1tenth_ws/install/joy_teleop:/home/rcv/f1tenth_ws/install/mouse_teleop:/home/rcv/f1tenth_ws/install/key_teleop:/opt/ros/humble /usr/bin/cmake --build /home/rcv/f1tenth_ws/build/ackermann_mux -- -j4 -l4
[0.292s] [100%] Built target ackermann_mux
[1.049s] Invoked command in '/home/rcv/f1tenth_ws/build/ackermann_mux' returned '0': CMAKE_PREFIX_PATH=${CMAKE_PREFIX_PATH}:/home/rcv/f1tenth_ws/install/joy_teleop:/home/rcv/f1tenth_ws/install/mouse_teleop:/home/rcv/f1tenth_ws/install/key_teleop:/opt/ros/humble /usr/bin/cmake --build /home/rcv/f1tenth_ws/build/ackermann_mux -- -j4 -l4
[1.180s] Invoking command in '/home/rcv/f1tenth_ws/build/ackermann_mux': CMAKE_PREFIX_PATH=${CMAKE_PREFIX_PATH}:/home/rcv/f1tenth_ws/install/joy_teleop:/home/rcv/f1tenth_ws/install/mouse_teleop:/home/rcv/f1tenth_ws/install/key_teleop:/opt/ros/humble /usr/bin/cmake --install /home/rcv/f1tenth_ws/build/ackermann_mux
[1.207s] -- Install configuration: ""
[1.208s] -- Up-to-date: /home/rcv/f1tenth_ws/install/ackermann_mux/lib/ackermann_mux/ackermann_mux
[1.209s] -- Up-to-date: /home/rcv/f1tenth_ws/install/ackermann_mux/share/ackermann_mux/launch
[1.209s] -- Up-to-date: /home/rcv/f1tenth_ws/install/ackermann_mux/share/ackermann_mux/launch/ackermann_mux_launch.py
[1.209s] -- Up-to-date: /home/rcv/f1tenth_ws/install/ackermann_mux/share/ackermann_mux/config
[1.210s] -- Up-to-date: /home/rcv/f1tenth_ws/install/ackermann_mux/share/ackermann_mux/config/ackermann_mux_topics.yaml
[1.210s] -- Up-to-date: /home/rcv/f1tenth_ws/install/ackermann_mux/share/ackermann_mux/config/joystick.yaml
[1.210s] -- Up-to-date: /home/rcv/f1tenth_ws/install/ackermann_mux/share/ackermann_mux/config/ackermann_mux_locks.yaml
[1.210s] -- Up-to-date: /home/rcv/f1tenth_ws/install/ackermann_mux/include
[1.211s] -- Up-to-date: /home/rcv/f1tenth_ws/install/ackermann_mux/include/ackermann_mux
[1.211s] -- Up-to-date: /home/rcv/f1tenth_ws/install/ackermann_mux/include/ackermann_mux/utils.hpp
[1.211s] -- Up-to-date: /home/rcv/f1tenth_ws/install/ackermann_mux/include/ackermann_mux/ackermann_mux_diagnostics.hpp
[1.211s] -- Up-to-date: /home/rcv/f1tenth_ws/install/ackermann_mux/include/ackermann_mux/ackermann_mux_diagnostics_status.hpp
[1.211s] -- Up-to-date: /home/rcv/f1tenth_ws/install/ackermann_mux/include/ackermann_mux/params_helpers.hpp
[1.211s] -- Up-to-date: /home/rcv/f1tenth_ws/install/ackermann_mux/include/ackermann_mux/topic_handle.hpp
[1.211s] -- Up-to-date: /home/rcv/f1tenth_ws/install/ackermann_mux/include/ackermann_mux/ackermann_mux.hpp
[1.211s] -- Up-to-date: /home/rcv/f1tenth_ws/install/ackermann_mux/share/ament_index/resource_index/package_run_dependencies/ackermann_mux
[1.212s] -- Up-to-date: /home/rcv/f1tenth_ws/install/ackermann_mux/share/ament_index/resource_index/parent_prefix_path/ackermann_mux
[1.212s] -- Up-to-date: /home/rcv/f1tenth_ws/install/ackermann_mux/share/ackermann_mux/environment/ament_prefix_path.sh
[1.212s] -- Up-to-date: /home/rcv/f1tenth_ws/install/ackermann_mux/share/ackermann_mux/environment/ament_prefix_path.dsv
[1.213s] -- Up-to-date: /home/rcv/f1tenth_ws/install/ackermann_mux/share/ackermann_mux/environment/path.sh
[1.213s] -- Up-to-date: /home/rcv/f1tenth_ws/install/ackermann_mux/share/ackermann_mux/environment/path.dsv
[1.214s] -- Up-to-date: /home/rcv/f1tenth_ws/install/ackermann_mux/share/ackermann_mux/local_setup.bash
[1.214s] -- Up-to-date: /home/rcv/f1tenth_ws/install/ackermann_mux/share/ackermann_mux/local_setup.sh
[1.218s] -- Up-to-date: /home/rcv/f1tenth_ws/install/ackermann_mux/share/ackermann_mux/local_setup.zsh
[1.218s] -- Up-to-date: /home/rcv/f1tenth_ws/install/ackermann_mux/share/ackermann_mux/local_setup.dsv
[1.219s] -- Installing: /home/rcv/f1tenth_ws/install/ackermann_mux/share/ackermann_mux/package.dsv
[1.221s] -- Up-to-date: /home/rcv/f1tenth_ws/install/ackermann_mux/share/ament_index/resource_index/packages/ackermann_mux
[1.221s] -- Up-to-date: /home/rcv/f1tenth_ws/install/ackermann_mux/share/ackermann_mux/cmake/ament_cmake_export_include_directories-extras.cmake
[1.222s] -- Up-to-date: /home/rcv/f1tenth_ws/install/ackermann_mux/share/ackermann_mux/cmake/ament_cmake_export_dependencies-extras.cmake
[1.223s] -- Up-to-date: /home/rcv/f1tenth_ws/install/ackermann_mux/share/ackermann_mux/cmake/ackermann_muxConfig.cmake
[1.223s] -- Up-to-date: /home/rcv/f1tenth_ws/install/ackermann_mux/share/ackermann_mux/cmake/ackermann_muxConfig-version.cmake
[1.223s] -- Up-to-date: /home/rcv/f1tenth_ws/install/ackermann_mux/share/ackermann_mux/package.xml
[1.241s] Invoked command in '/home/rcv/f1tenth_ws/build/ackermann_mux' returned '0': CMAKE_PREFIX_PATH=${CMAKE_PREFIX_PATH}:/home/rcv/f1tenth_ws/install/joy_teleop:/home/rcv/f1tenth_ws/install/mouse_teleop:/home/rcv/f1tenth_ws/install/key_teleop:/opt/ros/humble /usr/bin/cmake --install /home/rcv/f1tenth_ws/build/ackermann_mux
