[0.040s] Invoking command in '/home/rcv/f1tenth_ws/build/vesc_driver': CMAKE_PREFIX_PATH=${CMAKE_PREFIX_PATH}:/home/rcv/f1tenth_ws/install/joy_teleop:/home/rcv/f1tenth_ws/install/mouse_teleop:/home/rcv/f1tenth_ws/install/key_teleop:/opt/ros/humble LD_LIBRARY_PATH=/home/rcv/f1tenth_ws/install/vesc_msgs/lib:/home/rcv/f1tenth_ws/install/teleop_tools_msgs/lib:/opt/ros/humble/opt/rviz_ogre_vendor/lib:/opt/ros/humble/lib/aarch64-linux-gnu:/opt/ros/humble/lib:/usr/local/cuda-12.2/lib64 /usr/bin/cmake --build /home/rcv/f1tenth_ws/build/vesc_driver -- -j4 -l4
[0.200s] [ 20%] Built target vesc_driver_node
[0.230s] [ 70%] Built target vesc_driver
[0.279s] [100%] Built target vesc_device_namer
[0.314s] Invoked command in '/home/rcv/f1tenth_ws/build/vesc_driver' returned '0': CMAKE_PREFIX_PATH=${CMAKE_PREFIX_PATH}:/home/rcv/f1tenth_ws/install/joy_teleop:/home/rcv/f1tenth_ws/install/mouse_teleop:/home/rcv/f1tenth_ws/install/key_teleop:/opt/ros/humble LD_LIBRARY_PATH=/home/rcv/f1tenth_ws/install/vesc_msgs/lib:/home/rcv/f1tenth_ws/install/teleop_tools_msgs/lib:/opt/ros/humble/opt/rviz_ogre_vendor/lib:/opt/ros/humble/lib/aarch64-linux-gnu:/opt/ros/humble/lib:/usr/local/cuda-12.2/lib64 /usr/bin/cmake --build /home/rcv/f1tenth_ws/build/vesc_driver -- -j4 -l4
[0.407s] Invoking command in '/home/rcv/f1tenth_ws/build/vesc_driver': CMAKE_PREFIX_PATH=${CMAKE_PREFIX_PATH}:/home/rcv/f1tenth_ws/install/joy_teleop:/home/rcv/f1tenth_ws/install/mouse_teleop:/home/rcv/f1tenth_ws/install/key_teleop:/opt/ros/humble LD_LIBRARY_PATH=/home/rcv/f1tenth_ws/install/vesc_msgs/lib:/home/rcv/f1tenth_ws/install/teleop_tools_msgs/lib:/opt/ros/humble/opt/rviz_ogre_vendor/lib:/opt/ros/humble/lib/aarch64-linux-gnu:/opt/ros/humble/lib:/usr/local/cuda-12.2/lib64 /usr/bin/cmake --install /home/rcv/f1tenth_ws/build/vesc_driver
[0.429s] -- Install configuration: ""
[0.429s] -- Up-to-date: /home/rcv/f1tenth_ws/install/vesc_driver/lib/vesc_driver/vesc_driver_node
[0.433s] -- Up-to-date: /home/rcv/f1tenth_ws/install/vesc_driver/include
[0.433s] -- Up-to-date: /home/rcv/f1tenth_ws/install/vesc_driver/include/vesc_driver
[0.433s] -- Up-to-date: /home/rcv/f1tenth_ws/install/vesc_driver/include/vesc_driver/vesc_interface.hpp
[0.433s] -- Up-to-date: /home/rcv/f1tenth_ws/install/vesc_driver/include/vesc_driver/vesc_packet.hpp
[0.434s] -- Up-to-date: /home/rcv/f1tenth_ws/install/vesc_driver/include/vesc_driver/vesc_packet_factory.hpp
[0.434s] -- Up-to-date: /home/rcv/f1tenth_ws/install/vesc_driver/include/vesc_driver/vesc_driver.hpp
[0.434s] -- Up-to-date: /home/rcv/f1tenth_ws/install/vesc_driver/include/vesc_driver/vesc_device_uuid_lookup.hpp
[0.434s] -- Up-to-date: /home/rcv/f1tenth_ws/install/vesc_driver/include/vesc_driver/datatypes.hpp
[0.434s] -- Up-to-date: /home/rcv/f1tenth_ws/install/vesc_driver/include/vesc_driver/crc.hpp
[0.434s] -- Up-to-date: /home/rcv/f1tenth_ws/install/vesc_driver/share/vesc_driver/environment/library_path.sh
[0.434s] -- Up-to-date: /home/rcv/f1tenth_ws/install/vesc_driver/share/vesc_driver/environment/library_path.dsv
[0.434s] -- Up-to-date: /home/rcv/f1tenth_ws/install/vesc_driver/lib/libvesc_driver.so
[0.435s] -- Up-to-date: /home/rcv/f1tenth_ws/install/vesc_driver/lib/vesc_driver/vesc_device_namer
[0.435s] -- Up-to-date: /home/rcv/f1tenth_ws/install/vesc_driver/share/vesc_driver/launch
[0.435s] -- Up-to-date: /home/rcv/f1tenth_ws/install/vesc_driver/share/vesc_driver/launch/vesc_driver_node.launch.py
[0.435s] -- Up-to-date: /home/rcv/f1tenth_ws/install/vesc_driver/share/vesc_driver/params
[0.435s] -- Up-to-date: /home/rcv/f1tenth_ws/install/vesc_driver/share/vesc_driver/params/vesc_config.yaml
[0.435s] -- Up-to-date: /home/rcv/f1tenth_ws/install/vesc_driver/share/ament_index/resource_index/package_run_dependencies/vesc_driver
[0.436s] -- Up-to-date: /home/rcv/f1tenth_ws/install/vesc_driver/share/ament_index/resource_index/parent_prefix_path/vesc_driver
[0.436s] -- Up-to-date: /home/rcv/f1tenth_ws/install/vesc_driver/share/vesc_driver/environment/ament_prefix_path.sh
[0.437s] -- Up-to-date: /home/rcv/f1tenth_ws/install/vesc_driver/share/vesc_driver/environment/ament_prefix_path.dsv
[0.437s] -- Up-to-date: /home/rcv/f1tenth_ws/install/vesc_driver/share/vesc_driver/environment/path.sh
[0.437s] -- Up-to-date: /home/rcv/f1tenth_ws/install/vesc_driver/share/vesc_driver/environment/path.dsv
[0.438s] -- Up-to-date: /home/rcv/f1tenth_ws/install/vesc_driver/share/vesc_driver/local_setup.bash
[0.438s] -- Up-to-date: /home/rcv/f1tenth_ws/install/vesc_driver/share/vesc_driver/local_setup.sh
[0.439s] -- Up-to-date: /home/rcv/f1tenth_ws/install/vesc_driver/share/vesc_driver/local_setup.zsh
[0.439s] -- Up-to-date: /home/rcv/f1tenth_ws/install/vesc_driver/share/vesc_driver/local_setup.dsv
[0.440s] -- Installing: /home/rcv/f1tenth_ws/install/vesc_driver/share/vesc_driver/package.dsv
[0.441s] -- Up-to-date: /home/rcv/f1tenth_ws/install/vesc_driver/share/ament_index/resource_index/packages/vesc_driver
[0.441s] -- Up-to-date: /home/rcv/f1tenth_ws/install/vesc_driver/share/ament_index/resource_index/rclcpp_components/vesc_driver
[0.442s] -- Up-to-date: /home/rcv/f1tenth_ws/install/vesc_driver/share/vesc_driver/cmake/ament_cmake_export_dependencies-extras.cmake
[0.442s] -- Up-to-date: /home/rcv/f1tenth_ws/install/vesc_driver/share/vesc_driver/cmake/ament_cmake_export_include_directories-extras.cmake
[0.443s] -- Up-to-date: /home/rcv/f1tenth_ws/install/vesc_driver/share/vesc_driver/cmake/ament_cmake_export_libraries-extras.cmake
[0.443s] -- Up-to-date: /home/rcv/f1tenth_ws/install/vesc_driver/share/vesc_driver/cmake/vesc_driverConfig.cmake
[0.444s] -- Up-to-date: /home/rcv/f1tenth_ws/install/vesc_driver/share/vesc_driver/cmake/vesc_driverConfig-version.cmake
[0.444s] -- Up-to-date: /home/rcv/f1tenth_ws/install/vesc_driver/share/vesc_driver/package.xml
[0.454s] Invoked command in '/home/rcv/f1tenth_ws/build/vesc_driver' returned '0': CMAKE_PREFIX_PATH=${CMAKE_PREFIX_PATH}:/home/rcv/f1tenth_ws/install/joy_teleop:/home/rcv/f1tenth_ws/install/mouse_teleop:/home/rcv/f1tenth_ws/install/key_teleop:/opt/ros/humble LD_LIBRARY_PATH=/home/rcv/f1tenth_ws/install/vesc_msgs/lib:/home/rcv/f1tenth_ws/install/teleop_tools_msgs/lib:/opt/ros/humble/opt/rviz_ogre_vendor/lib:/opt/ros/humble/lib/aarch64-linux-gnu:/opt/ros/humble/lib:/usr/local/cuda-12.2/lib64 /usr/bin/cmake --install /home/rcv/f1tenth_ws/build/vesc_driver
