[0.029s] Invoking command in '/home/rcv/f1tenth_ws/build/vesc': AMENT_PREFIX_PATH=/home/rcv/f1tenth_ws/install/vesc_driver:/home/rcv/f1tenth_ws/install/vesc_ackermann:${AMENT_PREFIX_PATH} CMAKE_PREFIX_PATH=/home/rcv/f1tenth_ws/install/vesc_driver:/home/rcv/f1tenth_ws/install/vesc_ackermann:/home/rcv/f1tenth_ws/install/vesc_msgs:/home/rcv/f1tenth_ws/install/teleop_tools:/home/rcv/f1tenth_ws/install/teleop_tools_msgs:/home/rcv/f1tenth_ws/install/ackermann_mux:/home/rcv/f1tenth_ws/install/joy_teleop:/home/rcv/f1tenth_ws/install/mouse_teleop:/home/rcv/f1tenth_ws/install/key_teleop:/opt/ros/humble LD_LIBRARY_PATH=/home/rcv/f1tenth_ws/install/vesc_driver/lib:/home/rcv/f1tenth_ws/install/vesc_ackermann/lib:/home/rcv/f1tenth_ws/install/vesc_msgs/lib:/home/rcv/f1tenth_ws/install/teleop_tools_msgs/lib:/opt/ros/humble/opt/rviz_ogre_vendor/lib:/opt/ros/humble/lib/aarch64-linux-gnu:/opt/ros/humble/lib:/usr/local/cuda-12.2/lib64 /usr/bin/cmake /home/rcv/f1tenth_ws/src/f1tenth_system/vesc/vesc -DCMAKE_INSTALL_PREFIX=/home/rcv/f1tenth_ws/install/vesc
[0.134s] -- The C compiler identification is GNU 11.4.0
[0.243s] -- The CXX compiler identification is GNU 11.4.0
[0.264s] -- Detecting C compiler ABI info
[0.407s] -- Detecting C compiler ABI info - done
[0.428s] -- Check for working C compiler: /usr/bin/cc - skipped
[0.428s] -- Detecting C compile features
[0.429s] -- Detecting C compile features - done
[0.437s] -- Detecting CXX compiler ABI info
[0.593s] -- Detecting CXX compiler ABI info - done
[0.614s] -- Check for working CXX compiler: /usr/bin/c++ - skipped
[0.615s] -- Detecting CXX compile features
[0.616s] -- Detecting CXX compile features - done
[0.622s] -- Found ament_cmake_auto: 1.3.10 (/opt/ros/humble/share/ament_cmake_auto/cmake)
[0.980s] -- Found Python3: /usr/bin/python3 (found version "3.10.12") found components: Interpreter 
[1.355s] -- Configuring done
[1.361s] -- Generating done
[1.362s] -- Build files have been written to: /home/rcv/f1tenth_ws/build/vesc
[1.372s] Invoked command in '/home/rcv/f1tenth_ws/build/vesc' returned '0': AMENT_PREFIX_PATH=/home/rcv/f1tenth_ws/install/vesc_driver:/home/rcv/f1tenth_ws/install/vesc_ackermann:${AMENT_PREFIX_PATH} CMAKE_PREFIX_PATH=/home/rcv/f1tenth_ws/install/vesc_driver:/home/rcv/f1tenth_ws/install/vesc_ackermann:/home/rcv/f1tenth_ws/install/vesc_msgs:/home/rcv/f1tenth_ws/install/teleop_tools:/home/rcv/f1tenth_ws/install/teleop_tools_msgs:/home/rcv/f1tenth_ws/install/ackermann_mux:/home/rcv/f1tenth_ws/install/joy_teleop:/home/rcv/f1tenth_ws/install/mouse_teleop:/home/rcv/f1tenth_ws/install/key_teleop:/opt/ros/humble LD_LIBRARY_PATH=/home/rcv/f1tenth_ws/install/vesc_driver/lib:/home/rcv/f1tenth_ws/install/vesc_ackermann/lib:/home/rcv/f1tenth_ws/install/vesc_msgs/lib:/home/rcv/f1tenth_ws/install/teleop_tools_msgs/lib:/opt/ros/humble/opt/rviz_ogre_vendor/lib:/opt/ros/humble/lib/aarch64-linux-gnu:/opt/ros/humble/lib:/usr/local/cuda-12.2/lib64 /usr/bin/cmake /home/rcv/f1tenth_ws/src/f1tenth_system/vesc/vesc -DCMAKE_INSTALL_PREFIX=/home/rcv/f1tenth_ws/install/vesc
[1.375s] Invoking command in '/home/rcv/f1tenth_ws/build/vesc': AMENT_PREFIX_PATH=/home/rcv/f1tenth_ws/install/vesc_driver:/home/rcv/f1tenth_ws/install/vesc_ackermann:${AMENT_PREFIX_PATH} CMAKE_PREFIX_PATH=/home/rcv/f1tenth_ws/install/vesc_driver:/home/rcv/f1tenth_ws/install/vesc_ackermann:/home/rcv/f1tenth_ws/install/vesc_msgs:/home/rcv/f1tenth_ws/install/teleop_tools:/home/rcv/f1tenth_ws/install/teleop_tools_msgs:/home/rcv/f1tenth_ws/install/ackermann_mux:/home/rcv/f1tenth_ws/install/joy_teleop:/home/rcv/f1tenth_ws/install/mouse_teleop:/home/rcv/f1tenth_ws/install/key_teleop:/opt/ros/humble LD_LIBRARY_PATH=/home/rcv/f1tenth_ws/install/vesc_driver/lib:/home/rcv/f1tenth_ws/install/vesc_ackermann/lib:/home/rcv/f1tenth_ws/install/vesc_msgs/lib:/home/rcv/f1tenth_ws/install/teleop_tools_msgs/lib:/opt/ros/humble/opt/rviz_ogre_vendor/lib:/opt/ros/humble/lib/aarch64-linux-gnu:/opt/ros/humble/lib:/usr/local/cuda-12.2/lib64 /usr/bin/cmake --build /home/rcv/f1tenth_ws/build/vesc -- -j4 -l4
[1.452s] Invoked command in '/home/rcv/f1tenth_ws/build/vesc' returned '0': AMENT_PREFIX_PATH=/home/rcv/f1tenth_ws/install/vesc_driver:/home/rcv/f1tenth_ws/install/vesc_ackermann:${AMENT_PREFIX_PATH} CMAKE_PREFIX_PATH=/home/rcv/f1tenth_ws/install/vesc_driver:/home/rcv/f1tenth_ws/install/vesc_ackermann:/home/rcv/f1tenth_ws/install/vesc_msgs:/home/rcv/f1tenth_ws/install/teleop_tools:/home/rcv/f1tenth_ws/install/teleop_tools_msgs:/home/rcv/f1tenth_ws/install/ackermann_mux:/home/rcv/f1tenth_ws/install/joy_teleop:/home/rcv/f1tenth_ws/install/mouse_teleop:/home/rcv/f1tenth_ws/install/key_teleop:/opt/ros/humble LD_LIBRARY_PATH=/home/rcv/f1tenth_ws/install/vesc_driver/lib:/home/rcv/f1tenth_ws/install/vesc_ackermann/lib:/home/rcv/f1tenth_ws/install/vesc_msgs/lib:/home/rcv/f1tenth_ws/install/teleop_tools_msgs/lib:/opt/ros/humble/opt/rviz_ogre_vendor/lib:/opt/ros/humble/lib/aarch64-linux-gnu:/opt/ros/humble/lib:/usr/local/cuda-12.2/lib64 /usr/bin/cmake --build /home/rcv/f1tenth_ws/build/vesc -- -j4 -l4
[1.495s] Invoking command in '/home/rcv/f1tenth_ws/build/vesc': AMENT_PREFIX_PATH=/home/rcv/f1tenth_ws/install/vesc_driver:/home/rcv/f1tenth_ws/install/vesc_ackermann:${AMENT_PREFIX_PATH} CMAKE_PREFIX_PATH=/home/rcv/f1tenth_ws/install/vesc_driver:/home/rcv/f1tenth_ws/install/vesc_ackermann:/home/rcv/f1tenth_ws/install/vesc_msgs:/home/rcv/f1tenth_ws/install/teleop_tools:/home/rcv/f1tenth_ws/install/teleop_tools_msgs:/home/rcv/f1tenth_ws/install/ackermann_mux:/home/rcv/f1tenth_ws/install/joy_teleop:/home/rcv/f1tenth_ws/install/mouse_teleop:/home/rcv/f1tenth_ws/install/key_teleop:/opt/ros/humble LD_LIBRARY_PATH=/home/rcv/f1tenth_ws/install/vesc_driver/lib:/home/rcv/f1tenth_ws/install/vesc_ackermann/lib:/home/rcv/f1tenth_ws/install/vesc_msgs/lib:/home/rcv/f1tenth_ws/install/teleop_tools_msgs/lib:/opt/ros/humble/opt/rviz_ogre_vendor/lib:/opt/ros/humble/lib/aarch64-linux-gnu:/opt/ros/humble/lib:/usr/local/cuda-12.2/lib64 /usr/bin/cmake --install /home/rcv/f1tenth_ws/build/vesc
[1.511s] -- Install configuration: ""
[1.511s] -- Installing: /home/rcv/f1tenth_ws/install/vesc/share/ament_index/resource_index/package_run_dependencies/vesc
[1.512s] -- Installing: /home/rcv/f1tenth_ws/install/vesc/share/ament_index/resource_index/parent_prefix_path/vesc
[1.512s] -- Installing: /home/rcv/f1tenth_ws/install/vesc/share/vesc/environment/ament_prefix_path.sh
[1.512s] -- Installing: /home/rcv/f1tenth_ws/install/vesc/share/vesc/environment/ament_prefix_path.dsv
[1.513s] -- Installing: /home/rcv/f1tenth_ws/install/vesc/share/vesc/environment/path.sh
[1.513s] -- Installing: /home/rcv/f1tenth_ws/install/vesc/share/vesc/environment/path.dsv
[1.513s] -- Installing: /home/rcv/f1tenth_ws/install/vesc/share/vesc/local_setup.bash
[1.514s] -- Installing: /home/rcv/f1tenth_ws/install/vesc/share/vesc/local_setup.sh
[1.514s] -- Installing: /home/rcv/f1tenth_ws/install/vesc/share/vesc/local_setup.zsh
[1.514s] -- Installing: /home/rcv/f1tenth_ws/install/vesc/share/vesc/local_setup.dsv
[1.514s] -- Installing: /home/rcv/f1tenth_ws/install/vesc/share/vesc/package.dsv
[1.515s] -- Installing: /home/rcv/f1tenth_ws/install/vesc/share/ament_index/resource_index/packages/vesc
[1.515s] -- Installing: /home/rcv/f1tenth_ws/install/vesc/share/vesc/cmake/vescConfig.cmake
[1.515s] -- Installing: /home/rcv/f1tenth_ws/install/vesc/share/vesc/cmake/vescConfig-version.cmake
[1.515s] -- Installing: /home/rcv/f1tenth_ws/install/vesc/share/vesc/package.xml
[1.521s] Invoked command in '/home/rcv/f1tenth_ws/build/vesc' returned '0': AMENT_PREFIX_PATH=/home/rcv/f1tenth_ws/install/vesc_driver:/home/rcv/f1tenth_ws/install/vesc_ackermann:${AMENT_PREFIX_PATH} CMAKE_PREFIX_PATH=/home/rcv/f1tenth_ws/install/vesc_driver:/home/rcv/f1tenth_ws/install/vesc_ackermann:/home/rcv/f1tenth_ws/install/vesc_msgs:/home/rcv/f1tenth_ws/install/teleop_tools:/home/rcv/f1tenth_ws/install/teleop_tools_msgs:/home/rcv/f1tenth_ws/install/ackermann_mux:/home/rcv/f1tenth_ws/install/joy_teleop:/home/rcv/f1tenth_ws/install/mouse_teleop:/home/rcv/f1tenth_ws/install/key_teleop:/opt/ros/humble LD_LIBRARY_PATH=/home/rcv/f1tenth_ws/install/vesc_driver/lib:/home/rcv/f1tenth_ws/install/vesc_ackermann/lib:/home/rcv/f1tenth_ws/install/vesc_msgs/lib:/home/rcv/f1tenth_ws/install/teleop_tools_msgs/lib:/opt/ros/humble/opt/rviz_ogre_vendor/lib:/opt/ros/humble/lib/aarch64-linux-gnu:/opt/ros/humble/lib:/usr/local/cuda-12.2/lib64 /usr/bin/cmake --install /home/rcv/f1tenth_ws/build/vesc
