[1.671s] Invoking command in '/home/rcv/f1tenth_ws/src/f1tenth_system/teleop_tools/joy_teleop': CMAKE_PREFIX_PATH=/home/rcv/f1tenth_ws/install/teleop_tools_msgs:/home/rcv/f1tenth_ws/install/vesc_msgs:/home/rcv/f1tenth_ws/install/teleop_tools:/home/rcv/f1tenth_ws/install/ackermann_mux LD_LIBRARY_PATH=/home/rcv/f1tenth_ws/install/teleop_tools_msgs/lib:/home/rcv/f1tenth_ws/install/vesc_msgs/lib:/opt/ros/humble/opt/rviz_ogre_vendor/lib:/opt/ros/humble/lib/aarch64-linux-gnu:/opt/ros/humble/lib:/usr/local/cuda-12.2/lib64 PYTHONPATH=/home/rcv/f1tenth_ws/build/joy_teleop/prefix_override:/usr/lib/python3/dist-packages/colcon_core/task/python/colcon_distutils_commands:/home/rcv/f1tenth_ws/install/joy_teleop/lib/python3.10/site-packages:${PYTHONPATH} /usr/bin/python3 -W ignore:setup.py install is deprecated setup.py egg_info --egg-base ../../../../build/joy_teleop build --build-base /home/rcv/f1tenth_ws/build/joy_teleop/build install --record /home/rcv/f1tenth_ws/build/joy_teleop/install.log --install-scripts $base/lib/joy_teleop --single-version-externally-managed install_data
[2.201s] /usr/lib/python3/dist-packages/setuptools/dist.py:723: UserWarning: Usage of dash-separated 'script-dir' will not be supported in future versions. Please use the underscore name 'script_dir' instead
[2.201s]   warnings.warn(
[2.221s] running egg_info
[2.222s] writing ../../../../build/joy_teleop/joy_teleop.egg-info/PKG-INFO
[2.223s] writing dependency_links to ../../../../build/joy_teleop/joy_teleop.egg-info/dependency_links.txt
[2.223s] writing entry points to ../../../../build/joy_teleop/joy_teleop.egg-info/entry_points.txt
[2.223s] writing requirements to ../../../../build/joy_teleop/joy_teleop.egg-info/requires.txt
[2.223s] writing top-level names to ../../../../build/joy_teleop/joy_teleop.egg-info/top_level.txt
[2.228s] reading manifest file '../../../../build/joy_teleop/joy_teleop.egg-info/SOURCES.txt'
[2.230s] writing manifest file '../../../../build/joy_teleop/joy_teleop.egg-info/SOURCES.txt'
[2.230s] running build
[2.230s] running build_py
[2.231s] running install
[2.232s] running install_lib
[2.234s] running install_data
[2.235s] running install_egg_info
[2.238s] removing '/home/rcv/f1tenth_ws/install/joy_teleop/lib/python3.10/site-packages/joy_teleop-0.3.0-py3.10.egg-info' (and everything under it)
[2.239s] Copying ../../../../build/joy_teleop/joy_teleop.egg-info to /home/rcv/f1tenth_ws/install/joy_teleop/lib/python3.10/site-packages/joy_teleop-0.3.0-py3.10.egg-info
[2.241s] running install_scripts
[2.288s] Installing incrementer_server script to /home/rcv/f1tenth_ws/install/joy_teleop/lib/joy_teleop
[2.289s] Installing joy_teleop script to /home/rcv/f1tenth_ws/install/joy_teleop/lib/joy_teleop
[2.289s] writing list of installed files to '/home/rcv/f1tenth_ws/build/joy_teleop/install.log'
[2.360s] Invoked command in '/home/rcv/f1tenth_ws/src/f1tenth_system/teleop_tools/joy_teleop' returned '0': CMAKE_PREFIX_PATH=/home/rcv/f1tenth_ws/install/teleop_tools_msgs:/home/rcv/f1tenth_ws/install/vesc_msgs:/home/rcv/f1tenth_ws/install/teleop_tools:/home/rcv/f1tenth_ws/install/ackermann_mux LD_LIBRARY_PATH=/home/rcv/f1tenth_ws/install/teleop_tools_msgs/lib:/home/rcv/f1tenth_ws/install/vesc_msgs/lib:/opt/ros/humble/opt/rviz_ogre_vendor/lib:/opt/ros/humble/lib/aarch64-linux-gnu:/opt/ros/humble/lib:/usr/local/cuda-12.2/lib64 PYTHONPATH=/home/rcv/f1tenth_ws/build/joy_teleop/prefix_override:/usr/lib/python3/dist-packages/colcon_core/task/python/colcon_distutils_commands:/home/rcv/f1tenth_ws/install/joy_teleop/lib/python3.10/site-packages:${PYTHONPATH} /usr/bin/python3 -W ignore:setup.py install is deprecated setup.py egg_info --egg-base ../../../../build/joy_teleop build --build-base /home/rcv/f1tenth_ws/build/joy_teleop/build install --record /home/rcv/f1tenth_ws/build/joy_teleop/install.log --install-scripts $base/lib/joy_teleop --single-version-externally-managed install_data
