[0.081s] Invoking command in '/home/rcv/f1tenth_ws/build/vesc_msgs': CMAKE_PREFIX_PATH=${CMAKE_PREFIX_PATH}:/home/rcv/f1tenth_ws/install/joy_teleop:/home/rcv/f1tenth_ws/install/mouse_teleop:/home/rcv/f1tenth_ws/install/key_teleop:/opt/ros/humble /usr/bin/cmake --build /home/rcv/f1tenth_ws/build/vesc_msgs -- -j4 -l4
[0.291s] [ 10%] Built target vesc_msgs__rosidl_generator_c
[0.299s] [ 12%] Built target vesc_msgs__cpp
[0.355s] [ 12%] Built target ament_cmake_python_copy_vesc_msgs
[0.391s] [ 23%] Built target vesc_msgs__rosidl_typesupport_c
[0.416s] [ 34%] Built target vesc_msgs__rosidl_typesupport_introspection_c
[0.455s] [ 45%] Built target vesc_msgs__rosidl_typesupport_fastrtps_c
[0.469s] [ 56%] Built target vesc_msgs__rosidl_typesupport_fastrtps_cpp
[0.497s] [ 67%] Built target vesc_msgs__rosidl_typesupport_introspection_cpp
[0.547s] [ 78%] Built target vesc_msgs__rosidl_typesupport_cpp
[0.618s] [ 78%] Built target vesc_msgs
[0.705s] [ 80%] Built target vesc_msgs__py
[0.809s] [ 89%] Built target vesc_msgs__rosidl_generator_py
[0.936s] [ 92%] Built target vesc_msgs__rosidl_typesupport_fastrtps_c__pyext
[0.963s] [ 98%] Built target vesc_msgs__rosidl_typesupport_introspection_c__pyext
[0.967s] [100%] Built target vesc_msgs__rosidl_typesupport_c__pyext
[1.147s] running egg_info
[1.152s] writing vesc_msgs.egg-info/PKG-INFO
[1.153s] writing dependency_links to vesc_msgs.egg-info/dependency_links.txt
[1.153s] writing top-level names to vesc_msgs.egg-info/top_level.txt
[1.159s] reading manifest file 'vesc_msgs.egg-info/SOURCES.txt'
[1.161s] writing manifest file 'vesc_msgs.egg-info/SOURCES.txt'
[1.280s] [100%] Built target ament_cmake_python_build_vesc_msgs_egg
[1.347s] Invoked command in '/home/rcv/f1tenth_ws/build/vesc_msgs' returned '0': CMAKE_PREFIX_PATH=${CMAKE_PREFIX_PATH}:/home/rcv/f1tenth_ws/install/joy_teleop:/home/rcv/f1tenth_ws/install/mouse_teleop:/home/rcv/f1tenth_ws/install/key_teleop:/opt/ros/humble /usr/bin/cmake --build /home/rcv/f1tenth_ws/build/vesc_msgs -- -j4 -l4
[2.034s] Invoking command in '/home/rcv/f1tenth_ws/build/vesc_msgs': CMAKE_PREFIX_PATH=${CMAKE_PREFIX_PATH}:/home/rcv/f1tenth_ws/install/joy_teleop:/home/rcv/f1tenth_ws/install/mouse_teleop:/home/rcv/f1tenth_ws/install/key_teleop:/opt/ros/humble /usr/bin/cmake --install /home/rcv/f1tenth_ws/build/vesc_msgs
[2.052s] -- Install configuration: ""
[2.053s] -- Up-to-date: /home/rcv/f1tenth_ws/install/vesc_msgs/share/ament_index/resource_index/rosidl_interfaces/vesc_msgs
[2.054s] -- Up-to-date: /home/rcv/f1tenth_ws/install/vesc_msgs/include/vesc_msgs/vesc_msgs
[2.055s] -- Up-to-date: /home/rcv/f1tenth_ws/install/vesc_msgs/include/vesc_msgs/vesc_msgs/msg
[2.056s] -- Up-to-date: /home/rcv/f1tenth_ws/install/vesc_msgs/include/vesc_msgs/vesc_msgs/msg/vesc_imu_stamped.h
[2.056s] -- Up-to-date: /home/rcv/f1tenth_ws/install/vesc_msgs/include/vesc_msgs/vesc_msgs/msg/vesc_state_stamped.h
[2.057s] -- Up-to-date: /home/rcv/f1tenth_ws/install/vesc_msgs/include/vesc_msgs/vesc_msgs/msg/detail
[2.058s] -- Up-to-date: /home/rcv/f1tenth_ws/install/vesc_msgs/include/vesc_msgs/vesc_msgs/msg/detail/vesc_state__functions.c
[2.061s] -- Up-to-date: /home/rcv/f1tenth_ws/install/vesc_msgs/include/vesc_msgs/vesc_msgs/msg/detail/vesc_state_stamped__functions.c
[2.061s] -- Up-to-date: /home/rcv/f1tenth_ws/install/vesc_msgs/include/vesc_msgs/vesc_msgs/msg/detail/vesc_imu__struct.h
[2.061s] -- Up-to-date: /home/rcv/f1tenth_ws/install/vesc_msgs/include/vesc_msgs/vesc_msgs/msg/detail/vesc_imu__functions.h
[2.061s] -- Up-to-date: /home/rcv/f1tenth_ws/install/vesc_msgs/include/vesc_msgs/vesc_msgs/msg/detail/vesc_state_stamped__type_support.h
[2.062s] -- Up-to-date: /home/rcv/f1tenth_ws/install/vesc_msgs/include/vesc_msgs/vesc_msgs/msg/detail/vesc_state__struct.h
[2.062s] -- Up-to-date: /home/rcv/f1tenth_ws/install/vesc_msgs/include/vesc_msgs/vesc_msgs/msg/detail/vesc_imu_stamped__type_support.h
[2.062s] -- Up-to-date: /home/rcv/f1tenth_ws/install/vesc_msgs/include/vesc_msgs/vesc_msgs/msg/detail/vesc_imu_stamped__functions.c
[2.062s] -- Up-to-date: /home/rcv/f1tenth_ws/install/vesc_msgs/include/vesc_msgs/vesc_msgs/msg/detail/vesc_state__type_support.h
[2.062s] -- Up-to-date: /home/rcv/f1tenth_ws/install/vesc_msgs/include/vesc_msgs/vesc_msgs/msg/detail/vesc_state__functions.h
[2.063s] -- Up-to-date: /home/rcv/f1tenth_ws/install/vesc_msgs/include/vesc_msgs/vesc_msgs/msg/detail/vesc_imu_stamped__struct.h
[2.063s] -- Up-to-date: /home/rcv/f1tenth_ws/install/vesc_msgs/include/vesc_msgs/vesc_msgs/msg/detail/vesc_imu__type_support.h
[2.063s] -- Up-to-date: /home/rcv/f1tenth_ws/install/vesc_msgs/include/vesc_msgs/vesc_msgs/msg/detail/vesc_imu__functions.c
[2.064s] -- Up-to-date: /home/rcv/f1tenth_ws/install/vesc_msgs/include/vesc_msgs/vesc_msgs/msg/detail/vesc_state_stamped__functions.h
[2.065s] -- Up-to-date: /home/rcv/f1tenth_ws/install/vesc_msgs/include/vesc_msgs/vesc_msgs/msg/detail/vesc_imu_stamped__functions.h
[2.065s] -- Up-to-date: /home/rcv/f1tenth_ws/install/vesc_msgs/include/vesc_msgs/vesc_msgs/msg/detail/vesc_state_stamped__struct.h
[2.066s] -- Up-to-date: /home/rcv/f1tenth_ws/install/vesc_msgs/include/vesc_msgs/vesc_msgs/msg/vesc_state.h
[2.066s] -- Up-to-date: /home/rcv/f1tenth_ws/install/vesc_msgs/include/vesc_msgs/vesc_msgs/msg/vesc_imu.h
[2.066s] -- Up-to-date: /home/rcv/f1tenth_ws/install/vesc_msgs/include/vesc_msgs/vesc_msgs/msg/rosidl_generator_c__visibility_control.h
[2.066s] -- Up-to-date: /home/rcv/f1tenth_ws/install/vesc_msgs/share/vesc_msgs/environment/library_path.sh
[2.066s] -- Up-to-date: /home/rcv/f1tenth_ws/install/vesc_msgs/share/vesc_msgs/environment/library_path.dsv
[2.066s] -- Up-to-date: /home/rcv/f1tenth_ws/install/vesc_msgs/lib/libvesc_msgs__rosidl_generator_c.so
[2.067s] -- Up-to-date: /home/rcv/f1tenth_ws/install/vesc_msgs/include/vesc_msgs/vesc_msgs
[2.067s] -- Up-to-date: /home/rcv/f1tenth_ws/install/vesc_msgs/include/vesc_msgs/vesc_msgs/msg
[2.067s] -- Up-to-date: /home/rcv/f1tenth_ws/install/vesc_msgs/include/vesc_msgs/vesc_msgs/msg/rosidl_typesupport_fastrtps_c__visibility_control.h
[2.067s] -- Up-to-date: /home/rcv/f1tenth_ws/install/vesc_msgs/include/vesc_msgs/vesc_msgs/msg/detail
[2.067s] -- Up-to-date: /home/rcv/f1tenth_ws/install/vesc_msgs/include/vesc_msgs/vesc_msgs/msg/detail/vesc_imu__rosidl_typesupport_fastrtps_c.h
[2.067s] -- Up-to-date: /home/rcv/f1tenth_ws/install/vesc_msgs/include/vesc_msgs/vesc_msgs/msg/detail/vesc_state_stamped__rosidl_typesupport_fastrtps_c.h
[2.067s] -- Up-to-date: /home/rcv/f1tenth_ws/install/vesc_msgs/include/vesc_msgs/vesc_msgs/msg/detail/vesc_state__rosidl_typesupport_fastrtps_c.h
[2.068s] -- Up-to-date: /home/rcv/f1tenth_ws/install/vesc_msgs/include/vesc_msgs/vesc_msgs/msg/detail/vesc_imu_stamped__rosidl_typesupport_fastrtps_c.h
[2.068s] -- Up-to-date: /home/rcv/f1tenth_ws/install/vesc_msgs/lib/libvesc_msgs__rosidl_typesupport_fastrtps_c.so
[2.068s] -- Up-to-date: /home/rcv/f1tenth_ws/install/vesc_msgs/include/vesc_msgs/vesc_msgs
[2.068s] -- Up-to-date: /home/rcv/f1tenth_ws/install/vesc_msgs/include/vesc_msgs/vesc_msgs/msg
[2.068s] -- Up-to-date: /home/rcv/f1tenth_ws/install/vesc_msgs/include/vesc_msgs/vesc_msgs/msg/detail
[2.068s] -- Up-to-date: /home/rcv/f1tenth_ws/install/vesc_msgs/include/vesc_msgs/vesc_msgs/msg/detail/vesc_imu_stamped__type_support.c
[2.068s] -- Up-to-date: /home/rcv/f1tenth_ws/install/vesc_msgs/include/vesc_msgs/vesc_msgs/msg/detail/vesc_state_stamped__type_support.c
[2.069s] -- Up-to-date: /home/rcv/f1tenth_ws/install/vesc_msgs/include/vesc_msgs/vesc_msgs/msg/detail/vesc_state__type_support.c
[2.069s] -- Up-to-date: /home/rcv/f1tenth_ws/install/vesc_msgs/include/vesc_msgs/vesc_msgs/msg/detail/vesc_imu__rosidl_typesupport_introspection_c.h
[2.069s] -- Up-to-date: /home/rcv/f1tenth_ws/install/vesc_msgs/include/vesc_msgs/vesc_msgs/msg/detail/vesc_state_stamped__rosidl_typesupport_introspection_c.h
[2.069s] -- Up-to-date: /home/rcv/f1tenth_ws/install/vesc_msgs/include/vesc_msgs/vesc_msgs/msg/detail/vesc_state__rosidl_typesupport_introspection_c.h
[2.069s] -- Up-to-date: /home/rcv/f1tenth_ws/install/vesc_msgs/include/vesc_msgs/vesc_msgs/msg/detail/vesc_imu_stamped__rosidl_typesupport_introspection_c.h
[2.069s] -- Up-to-date: /home/rcv/f1tenth_ws/install/vesc_msgs/include/vesc_msgs/vesc_msgs/msg/detail/vesc_imu__type_support.c
[2.069s] -- Up-to-date: /home/rcv/f1tenth_ws/install/vesc_msgs/include/vesc_msgs/vesc_msgs/msg/rosidl_typesupport_introspection_c__visibility_control.h
[2.070s] -- Up-to-date: /home/rcv/f1tenth_ws/install/vesc_msgs/lib/libvesc_msgs__rosidl_typesupport_introspection_c.so
[2.070s] -- Up-to-date: /home/rcv/f1tenth_ws/install/vesc_msgs/lib/libvesc_msgs__rosidl_typesupport_c.so
[2.070s] -- Up-to-date: /home/rcv/f1tenth_ws/install/vesc_msgs/include/vesc_msgs/vesc_msgs
[2.070s] -- Up-to-date: /home/rcv/f1tenth_ws/install/vesc_msgs/include/vesc_msgs/vesc_msgs/msg
[2.070s] -- Up-to-date: /home/rcv/f1tenth_ws/install/vesc_msgs/include/vesc_msgs/vesc_msgs/msg/detail
[2.070s] -- Up-to-date: /home/rcv/f1tenth_ws/install/vesc_msgs/include/vesc_msgs/vesc_msgs/msg/detail/vesc_state_stamped__traits.hpp
[2.071s] -- Up-to-date: /home/rcv/f1tenth_ws/install/vesc_msgs/include/vesc_msgs/vesc_msgs/msg/detail/vesc_state__builder.hpp
[2.071s] -- Up-to-date: /home/rcv/f1tenth_ws/install/vesc_msgs/include/vesc_msgs/vesc_msgs/msg/detail/vesc_state__traits.hpp
[2.071s] -- Up-to-date: /home/rcv/f1tenth_ws/install/vesc_msgs/include/vesc_msgs/vesc_msgs/msg/detail/vesc_state__struct.hpp
[2.071s] -- Up-to-date: /home/rcv/f1tenth_ws/install/vesc_msgs/include/vesc_msgs/vesc_msgs/msg/detail/vesc_imu__struct.hpp
[2.071s] -- Up-to-date: /home/rcv/f1tenth_ws/install/vesc_msgs/include/vesc_msgs/vesc_msgs/msg/detail/vesc_imu_stamped__builder.hpp
[2.071s] -- Up-to-date: /home/rcv/f1tenth_ws/install/vesc_msgs/include/vesc_msgs/vesc_msgs/msg/detail/vesc_imu__builder.hpp
[2.071s] -- Up-to-date: /home/rcv/f1tenth_ws/install/vesc_msgs/include/vesc_msgs/vesc_msgs/msg/detail/vesc_state_stamped__struct.hpp
[2.072s] -- Up-to-date: /home/rcv/f1tenth_ws/install/vesc_msgs/include/vesc_msgs/vesc_msgs/msg/detail/vesc_imu__traits.hpp
[2.072s] -- Up-to-date: /home/rcv/f1tenth_ws/install/vesc_msgs/include/vesc_msgs/vesc_msgs/msg/detail/vesc_imu_stamped__struct.hpp
[2.072s] -- Up-to-date: /home/rcv/f1tenth_ws/install/vesc_msgs/include/vesc_msgs/vesc_msgs/msg/detail/vesc_imu_stamped__traits.hpp
[2.072s] -- Up-to-date: /home/rcv/f1tenth_ws/install/vesc_msgs/include/vesc_msgs/vesc_msgs/msg/detail/vesc_state_stamped__builder.hpp
[2.072s] -- Up-to-date: /home/rcv/f1tenth_ws/install/vesc_msgs/include/vesc_msgs/vesc_msgs/msg/vesc_state_stamped.hpp
[2.072s] -- Up-to-date: /home/rcv/f1tenth_ws/install/vesc_msgs/include/vesc_msgs/vesc_msgs/msg/vesc_imu_stamped.hpp
[2.072s] -- Up-to-date: /home/rcv/f1tenth_ws/install/vesc_msgs/include/vesc_msgs/vesc_msgs/msg/vesc_state.hpp
[2.072s] -- Up-to-date: /home/rcv/f1tenth_ws/install/vesc_msgs/include/vesc_msgs/vesc_msgs/msg/vesc_imu.hpp
[2.073s] -- Up-to-date: /home/rcv/f1tenth_ws/install/vesc_msgs/include/vesc_msgs/vesc_msgs
[2.073s] -- Up-to-date: /home/rcv/f1tenth_ws/install/vesc_msgs/include/vesc_msgs/vesc_msgs/msg
[2.073s] -- Up-to-date: /home/rcv/f1tenth_ws/install/vesc_msgs/include/vesc_msgs/vesc_msgs/msg/rosidl_typesupport_fastrtps_cpp__visibility_control.h
[2.073s] -- Up-to-date: /home/rcv/f1tenth_ws/install/vesc_msgs/include/vesc_msgs/vesc_msgs/msg/detail
[2.073s] -- Up-to-date: /home/rcv/f1tenth_ws/install/vesc_msgs/include/vesc_msgs/vesc_msgs/msg/detail/vesc_state__rosidl_typesupport_fastrtps_cpp.hpp
[2.073s] -- Up-to-date: /home/rcv/f1tenth_ws/install/vesc_msgs/include/vesc_msgs/vesc_msgs/msg/detail/dds_fastrtps
[2.073s] -- Up-to-date: /home/rcv/f1tenth_ws/install/vesc_msgs/include/vesc_msgs/vesc_msgs/msg/detail/vesc_state_stamped__rosidl_typesupport_fastrtps_cpp.hpp
[2.073s] -- Up-to-date: /home/rcv/f1tenth_ws/install/vesc_msgs/include/vesc_msgs/vesc_msgs/msg/detail/vesc_imu_stamped__rosidl_typesupport_fastrtps_cpp.hpp
[2.074s] -- Up-to-date: /home/rcv/f1tenth_ws/install/vesc_msgs/include/vesc_msgs/vesc_msgs/msg/detail/vesc_imu__rosidl_typesupport_fastrtps_cpp.hpp
[2.074s] -- Up-to-date: /home/rcv/f1tenth_ws/install/vesc_msgs/lib/libvesc_msgs__rosidl_typesupport_fastrtps_cpp.so
[2.074s] -- Up-to-date: /home/rcv/f1tenth_ws/install/vesc_msgs/include/vesc_msgs/vesc_msgs
[2.074s] -- Up-to-date: /home/rcv/f1tenth_ws/install/vesc_msgs/include/vesc_msgs/vesc_msgs/msg
[2.074s] -- Up-to-date: /home/rcv/f1tenth_ws/install/vesc_msgs/include/vesc_msgs/vesc_msgs/msg/detail
[2.074s] -- Up-to-date: /home/rcv/f1tenth_ws/install/vesc_msgs/include/vesc_msgs/vesc_msgs/msg/detail/vesc_state__rosidl_typesupport_introspection_cpp.hpp
[2.075s] -- Up-to-date: /home/rcv/f1tenth_ws/install/vesc_msgs/include/vesc_msgs/vesc_msgs/msg/detail/vesc_state__type_support.cpp
[2.075s] -- Up-to-date: /home/rcv/f1tenth_ws/install/vesc_msgs/include/vesc_msgs/vesc_msgs/msg/detail/vesc_state_stamped__type_support.cpp
[2.075s] -- Up-to-date: /home/rcv/f1tenth_ws/install/vesc_msgs/include/vesc_msgs/vesc_msgs/msg/detail/vesc_state_stamped__rosidl_typesupport_introspection_cpp.hpp
[2.075s] -- Up-to-date: /home/rcv/f1tenth_ws/install/vesc_msgs/include/vesc_msgs/vesc_msgs/msg/detail/vesc_imu_stamped__rosidl_typesupport_introspection_cpp.hpp
[2.075s] -- Up-to-date: /home/rcv/f1tenth_ws/install/vesc_msgs/include/vesc_msgs/vesc_msgs/msg/detail/vesc_imu_stamped__type_support.cpp
[2.075s] -- Up-to-date: /home/rcv/f1tenth_ws/install/vesc_msgs/include/vesc_msgs/vesc_msgs/msg/detail/vesc_imu__type_support.cpp
[2.075s] -- Up-to-date: /home/rcv/f1tenth_ws/install/vesc_msgs/include/vesc_msgs/vesc_msgs/msg/detail/vesc_imu__rosidl_typesupport_introspection_cpp.hpp
[2.075s] -- Up-to-date: /home/rcv/f1tenth_ws/install/vesc_msgs/lib/libvesc_msgs__rosidl_typesupport_introspection_cpp.so
[2.076s] -- Up-to-date: /home/rcv/f1tenth_ws/install/vesc_msgs/lib/libvesc_msgs__rosidl_typesupport_cpp.so
[2.076s] -- Up-to-date: /home/rcv/f1tenth_ws/install/vesc_msgs/share/vesc_msgs/environment/pythonpath.sh
[2.076s] -- Up-to-date: /home/rcv/f1tenth_ws/install/vesc_msgs/share/vesc_msgs/environment/pythonpath.dsv
[2.076s] -- Up-to-date: /home/rcv/f1tenth_ws/install/vesc_msgs/local/lib/python3.10/dist-packages/vesc_msgs-1.2.0-py3.10.egg-info
[2.076s] -- Installing: /home/rcv/f1tenth_ws/install/vesc_msgs/local/lib/python3.10/dist-packages/vesc_msgs-1.2.0-py3.10.egg-info/top_level.txt
[2.076s] -- Installing: /home/rcv/f1tenth_ws/install/vesc_msgs/local/lib/python3.10/dist-packages/vesc_msgs-1.2.0-py3.10.egg-info/SOURCES.txt
[2.077s] -- Installing: /home/rcv/f1tenth_ws/install/vesc_msgs/local/lib/python3.10/dist-packages/vesc_msgs-1.2.0-py3.10.egg-info/PKG-INFO
[2.077s] -- Installing: /home/rcv/f1tenth_ws/install/vesc_msgs/local/lib/python3.10/dist-packages/vesc_msgs-1.2.0-py3.10.egg-info/dependency_links.txt
[2.077s] -- Up-to-date: /home/rcv/f1tenth_ws/install/vesc_msgs/local/lib/python3.10/dist-packages/vesc_msgs
[2.077s] -- Up-to-date: /home/rcv/f1tenth_ws/install/vesc_msgs/local/lib/python3.10/dist-packages/vesc_msgs/msg
[2.077s] -- Up-to-date: /home/rcv/f1tenth_ws/install/vesc_msgs/local/lib/python3.10/dist-packages/vesc_msgs/msg/_vesc_state_s.c
[2.077s] -- Up-to-date: /home/rcv/f1tenth_ws/install/vesc_msgs/local/lib/python3.10/dist-packages/vesc_msgs/msg/_vesc_state_stamped.py
[2.077s] -- Up-to-date: /home/rcv/f1tenth_ws/install/vesc_msgs/local/lib/python3.10/dist-packages/vesc_msgs/msg/_vesc_imu_s.c
[2.077s] -- Up-to-date: /home/rcv/f1tenth_ws/install/vesc_msgs/local/lib/python3.10/dist-packages/vesc_msgs/msg/_vesc_imu_stamped.py
[2.078s] -- Up-to-date: /home/rcv/f1tenth_ws/install/vesc_msgs/local/lib/python3.10/dist-packages/vesc_msgs/msg/_vesc_state.py
[2.078s] -- Up-to-date: /home/rcv/f1tenth_ws/install/vesc_msgs/local/lib/python3.10/dist-packages/vesc_msgs/msg/__init__.py
[2.078s] -- Up-to-date: /home/rcv/f1tenth_ws/install/vesc_msgs/local/lib/python3.10/dist-packages/vesc_msgs/msg/_vesc_imu_stamped_s.c
[2.078s] -- Up-to-date: /home/rcv/f1tenth_ws/install/vesc_msgs/local/lib/python3.10/dist-packages/vesc_msgs/msg/_vesc_state_stamped_s.c
[2.078s] -- Up-to-date: /home/rcv/f1tenth_ws/install/vesc_msgs/local/lib/python3.10/dist-packages/vesc_msgs/msg/_vesc_imu.py
[2.078s] -- Up-to-date: /home/rcv/f1tenth_ws/install/vesc_msgs/local/lib/python3.10/dist-packages/vesc_msgs/vesc_msgs_s__rosidl_typesupport_fastrtps_c.cpython-310-aarch64-linux-gnu.so
[2.078s] -- Up-to-date: /home/rcv/f1tenth_ws/install/vesc_msgs/local/lib/python3.10/dist-packages/vesc_msgs/__init__.py
[2.079s] -- Up-to-date: /home/rcv/f1tenth_ws/install/vesc_msgs/local/lib/python3.10/dist-packages/vesc_msgs/vesc_msgs_s__rosidl_typesupport_introspection_c.cpython-310-aarch64-linux-gnu.so
[2.079s] -- Up-to-date: /home/rcv/f1tenth_ws/install/vesc_msgs/local/lib/python3.10/dist-packages/vesc_msgs/_vesc_msgs_s.ep.rosidl_typesupport_fastrtps_c.c
[2.079s] -- Up-to-date: /home/rcv/f1tenth_ws/install/vesc_msgs/local/lib/python3.10/dist-packages/vesc_msgs/_vesc_msgs_s.ep.rosidl_typesupport_c.c
[2.079s] -- Up-to-date: /home/rcv/f1tenth_ws/install/vesc_msgs/local/lib/python3.10/dist-packages/vesc_msgs/_vesc_msgs_s.ep.rosidl_typesupport_introspection_c.c
[2.079s] -- Up-to-date: /home/rcv/f1tenth_ws/install/vesc_msgs/local/lib/python3.10/dist-packages/vesc_msgs/libvesc_msgs__rosidl_generator_py.so
[2.079s] -- Up-to-date: /home/rcv/f1tenth_ws/install/vesc_msgs/local/lib/python3.10/dist-packages/vesc_msgs/vesc_msgs_s__rosidl_typesupport_c.cpython-310-aarch64-linux-gnu.so
[2.175s] Listing '/home/rcv/f1tenth_ws/install/vesc_msgs/local/lib/python3.10/dist-packages/vesc_msgs'...
[2.175s] Listing '/home/rcv/f1tenth_ws/install/vesc_msgs/local/lib/python3.10/dist-packages/vesc_msgs/msg'...
[2.192s] -- Up-to-date: /home/rcv/f1tenth_ws/install/vesc_msgs/local/lib/python3.10/dist-packages/vesc_msgs/vesc_msgs_s__rosidl_typesupport_fastrtps_c.cpython-310-aarch64-linux-gnu.so
[2.193s] -- Up-to-date: /home/rcv/f1tenth_ws/install/vesc_msgs/local/lib/python3.10/dist-packages/vesc_msgs/vesc_msgs_s__rosidl_typesupport_introspection_c.cpython-310-aarch64-linux-gnu.so
[2.194s] -- Up-to-date: /home/rcv/f1tenth_ws/install/vesc_msgs/local/lib/python3.10/dist-packages/vesc_msgs/vesc_msgs_s__rosidl_typesupport_c.cpython-310-aarch64-linux-gnu.so
[2.195s] -- Up-to-date: /home/rcv/f1tenth_ws/install/vesc_msgs/lib/libvesc_msgs__rosidl_generator_py.so
[2.196s] -- Up-to-date: /home/rcv/f1tenth_ws/install/vesc_msgs/share/vesc_msgs/msg/VescState.idl
[2.196s] -- Up-to-date: /home/rcv/f1tenth_ws/install/vesc_msgs/share/vesc_msgs/msg/VescStateStamped.idl
[2.197s] -- Up-to-date: /home/rcv/f1tenth_ws/install/vesc_msgs/share/vesc_msgs/msg/VescImu.idl
[2.197s] -- Up-to-date: /home/rcv/f1tenth_ws/install/vesc_msgs/share/vesc_msgs/msg/VescImuStamped.idl
[2.198s] -- Up-to-date: /home/rcv/f1tenth_ws/install/vesc_msgs/share/vesc_msgs/msg/VescState.msg
[2.198s] -- Up-to-date: /home/rcv/f1tenth_ws/install/vesc_msgs/share/vesc_msgs/msg/VescStateStamped.msg
[2.199s] -- Up-to-date: /home/rcv/f1tenth_ws/install/vesc_msgs/share/vesc_msgs/msg/VescImu.msg
[2.199s] -- Up-to-date: /home/rcv/f1tenth_ws/install/vesc_msgs/share/vesc_msgs/msg/VescImuStamped.msg
[2.200s] -- Up-to-date: /home/rcv/f1tenth_ws/install/vesc_msgs/share/ament_index/resource_index/package_run_dependencies/vesc_msgs
[2.200s] -- Up-to-date: /home/rcv/f1tenth_ws/install/vesc_msgs/share/ament_index/resource_index/parent_prefix_path/vesc_msgs
[2.201s] -- Up-to-date: /home/rcv/f1tenth_ws/install/vesc_msgs/share/vesc_msgs/environment/ament_prefix_path.sh
[2.201s] -- Up-to-date: /home/rcv/f1tenth_ws/install/vesc_msgs/share/vesc_msgs/environment/ament_prefix_path.dsv
[2.202s] -- Up-to-date: /home/rcv/f1tenth_ws/install/vesc_msgs/share/vesc_msgs/environment/path.sh
[2.202s] -- Up-to-date: /home/rcv/f1tenth_ws/install/vesc_msgs/share/vesc_msgs/environment/path.dsv
[2.203s] -- Up-to-date: /home/rcv/f1tenth_ws/install/vesc_msgs/share/vesc_msgs/local_setup.bash
[2.203s] -- Up-to-date: /home/rcv/f1tenth_ws/install/vesc_msgs/share/vesc_msgs/local_setup.sh
[2.204s] -- Up-to-date: /home/rcv/f1tenth_ws/install/vesc_msgs/share/vesc_msgs/local_setup.zsh
[2.204s] -- Up-to-date: /home/rcv/f1tenth_ws/install/vesc_msgs/share/vesc_msgs/local_setup.dsv
[2.205s] -- Installing: /home/rcv/f1tenth_ws/install/vesc_msgs/share/vesc_msgs/package.dsv
[2.206s] -- Up-to-date: /home/rcv/f1tenth_ws/install/vesc_msgs/share/ament_index/resource_index/packages/vesc_msgs
[2.207s] -- Up-to-date: /home/rcv/f1tenth_ws/install/vesc_msgs/share/vesc_msgs/cmake/export_vesc_msgs__rosidl_generator_cExport.cmake
[2.208s] -- Up-to-date: /home/rcv/f1tenth_ws/install/vesc_msgs/share/vesc_msgs/cmake/export_vesc_msgs__rosidl_generator_cExport-noconfig.cmake
[2.208s] -- Up-to-date: /home/rcv/f1tenth_ws/install/vesc_msgs/share/vesc_msgs/cmake/export_vesc_msgs__rosidl_typesupport_fastrtps_cExport.cmake
[2.209s] -- Up-to-date: /home/rcv/f1tenth_ws/install/vesc_msgs/share/vesc_msgs/cmake/export_vesc_msgs__rosidl_typesupport_fastrtps_cExport-noconfig.cmake
[2.209s] -- Up-to-date: /home/rcv/f1tenth_ws/install/vesc_msgs/share/vesc_msgs/cmake/vesc_msgs__rosidl_typesupport_introspection_cExport.cmake
[2.210s] -- Up-to-date: /home/rcv/f1tenth_ws/install/vesc_msgs/share/vesc_msgs/cmake/vesc_msgs__rosidl_typesupport_introspection_cExport-noconfig.cmake
[2.211s] -- Up-to-date: /home/rcv/f1tenth_ws/install/vesc_msgs/share/vesc_msgs/cmake/vesc_msgs__rosidl_typesupport_cExport.cmake
[2.211s] -- Up-to-date: /home/rcv/f1tenth_ws/install/vesc_msgs/share/vesc_msgs/cmake/vesc_msgs__rosidl_typesupport_cExport-noconfig.cmake
[2.212s] -- Up-to-date: /home/rcv/f1tenth_ws/install/vesc_msgs/share/vesc_msgs/cmake/export_vesc_msgs__rosidl_generator_cppExport.cmake
[2.212s] -- Up-to-date: /home/rcv/f1tenth_ws/install/vesc_msgs/share/vesc_msgs/cmake/export_vesc_msgs__rosidl_typesupport_fastrtps_cppExport.cmake
[2.213s] -- Up-to-date: /home/rcv/f1tenth_ws/install/vesc_msgs/share/vesc_msgs/cmake/export_vesc_msgs__rosidl_typesupport_fastrtps_cppExport-noconfig.cmake
[2.214s] -- Up-to-date: /home/rcv/f1tenth_ws/install/vesc_msgs/share/vesc_msgs/cmake/vesc_msgs__rosidl_typesupport_introspection_cppExport.cmake
[2.215s] -- Up-to-date: /home/rcv/f1tenth_ws/install/vesc_msgs/share/vesc_msgs/cmake/vesc_msgs__rosidl_typesupport_introspection_cppExport-noconfig.cmake
[2.215s] -- Up-to-date: /home/rcv/f1tenth_ws/install/vesc_msgs/share/vesc_msgs/cmake/vesc_msgs__rosidl_typesupport_cppExport.cmake
[2.215s] -- Up-to-date: /home/rcv/f1tenth_ws/install/vesc_msgs/share/vesc_msgs/cmake/vesc_msgs__rosidl_typesupport_cppExport-noconfig.cmake
[2.216s] -- Up-to-date: /home/rcv/f1tenth_ws/install/vesc_msgs/share/vesc_msgs/cmake/export_vesc_msgs__rosidl_generator_pyExport.cmake
[2.217s] -- Up-to-date: /home/rcv/f1tenth_ws/install/vesc_msgs/share/vesc_msgs/cmake/export_vesc_msgs__rosidl_generator_pyExport-noconfig.cmake
[2.218s] -- Up-to-date: /home/rcv/f1tenth_ws/install/vesc_msgs/share/vesc_msgs/cmake/rosidl_cmake-extras.cmake
[2.218s] -- Up-to-date: /home/rcv/f1tenth_ws/install/vesc_msgs/share/vesc_msgs/cmake/ament_cmake_export_dependencies-extras.cmake
[2.219s] -- Up-to-date: /home/rcv/f1tenth_ws/install/vesc_msgs/share/vesc_msgs/cmake/ament_cmake_export_include_directories-extras.cmake
[2.219s] -- Up-to-date: /home/rcv/f1tenth_ws/install/vesc_msgs/share/vesc_msgs/cmake/ament_cmake_export_libraries-extras.cmake
[2.219s] -- Up-to-date: /home/rcv/f1tenth_ws/install/vesc_msgs/share/vesc_msgs/cmake/ament_cmake_export_targets-extras.cmake
[2.220s] -- Up-to-date: /home/rcv/f1tenth_ws/install/vesc_msgs/share/vesc_msgs/cmake/rosidl_cmake_export_typesupport_targets-extras.cmake
[2.221s] -- Up-to-date: /home/rcv/f1tenth_ws/install/vesc_msgs/share/vesc_msgs/cmake/rosidl_cmake_export_typesupport_libraries-extras.cmake
[2.221s] -- Up-to-date: /home/rcv/f1tenth_ws/install/vesc_msgs/share/vesc_msgs/cmake/vesc_msgsConfig.cmake
[2.221s] -- Up-to-date: /home/rcv/f1tenth_ws/install/vesc_msgs/share/vesc_msgs/cmake/vesc_msgsConfig-version.cmake
[2.223s] -- Up-to-date: /home/rcv/f1tenth_ws/install/vesc_msgs/share/vesc_msgs/package.xml
[2.251s] Invoked command in '/home/rcv/f1tenth_ws/build/vesc_msgs' returned '0': CMAKE_PREFIX_PATH=${CMAKE_PREFIX_PATH}:/home/rcv/f1tenth_ws/install/joy_teleop:/home/rcv/f1tenth_ws/install/mouse_teleop:/home/rcv/f1tenth_ws/install/key_teleop:/opt/ros/humble /usr/bin/cmake --install /home/rcv/f1tenth_ws/build/vesc_msgs
