[0.035s] Invoking command in '/home/rcv/f1tenth_ws/build/ackermann_mux': CMAKE_PREFIX_PATH=${CMAKE_PREFIX_PATH}:/home/rcv/f1tenth_ws/install/joy_teleop:/home/rcv/f1tenth_ws/install/mouse_teleop:/home/rcv/f1tenth_ws/install/key_teleop:/opt/ros/humble /usr/bin/cmake /home/rcv/f1tenth_ws/src/f1tenth_system/ackermann_mux -DCMAKE_INSTALL_PREFIX=/home/rcv/f1tenth_ws/install/ackermann_mux
[0.774s] -- The C compiler identification is GNU 11.4.0
[0.774s] -- The CXX compiler identification is GNU 11.4.0
[0.774s] -- Detecting C compiler ABI info
[0.774s] -- Detecting C compiler ABI info - done
[0.775s] -- Check for working C compiler: /usr/bin/cc - skipped
[0.775s] -- Detecting C compile features
[0.775s] -- Detecting C compile features - done
[0.775s] -- Detecting CXX compiler ABI info
[0.777s] -- Detecting CXX compiler ABI info - done
[0.791s] -- Check for working CXX compiler: /usr/bin/c++ - skipped
[0.792s] -- Detecting CXX compile features
[0.793s] -- Detecting CXX compile features - done
[0.800s] -- Found ament_cmake: 1.3.10 (/opt/ros/humble/share/ament_cmake/cmake)
[1.167s] -- Found Python3: /usr/bin/python3 (found version "3.10.12") found components: Interpreter 
[1.371s] -- Found rclcpp: 16.0.10 (/opt/ros/humble/share/rclcpp/cmake)
[1.454s] -- Found rosidl_generator_c: 3.1.5 (/opt/ros/humble/share/rosidl_generator_c/cmake)
[1.464s] -- Found rosidl_adapter: 3.1.5 (/opt/ros/humble/share/rosidl_adapter/cmake)
[1.481s] -- Found rosidl_generator_cpp: 3.1.5 (/opt/ros/humble/share/rosidl_generator_cpp/cmake)
[1.508s] -- Using all available rosidl_typesupport_c: rosidl_typesupport_fastrtps_c;rosidl_typesupport_introspection_c
[1.542s] -- Using all available rosidl_typesupport_cpp: rosidl_typesupport_fastrtps_cpp;rosidl_typesupport_introspection_cpp
[1.642s] -- Found rmw_implementation_cmake: 6.1.2 (/opt/ros/humble/share/rmw_implementation_cmake/cmake)
[1.648s] -- Found rmw_fastrtps_cpp: 6.2.7 (/opt/ros/humble/share/rmw_fastrtps_cpp/cmake)
[1.842s] -- Found OpenSSL: /usr/lib/aarch64-linux-gnu/libcrypto.so (found version "3.0.2")  
[1.898s] -- Found FastRTPS: /opt/ros/humble/include  
[2.006s] -- Using RMW implementation 'rmw_fastrtps_cpp' as default
[2.024s] -- Looking for pthread.h
[2.211s] -- Looking for pthread.h - found
[2.211s] -- Performing Test CMAKE_HAVE_LIBC_PTHREAD
[2.387s] -- Performing Test CMAKE_HAVE_LIBC_PTHREAD - Success
[2.390s] -- Found Threads: TRUE  
[2.499s] -- Found ackermann_msgs: 2.0.2 (/opt/ros/humble/share/ackermann_msgs/cmake)
[2.528s] -- Found diagnostic_updater: 4.0.0 (/opt/ros/humble/share/diagnostic_updater/cmake)
[2.575s] -- Found ament_lint_auto: 0.12.11 (/opt/ros/humble/share/ament_lint_auto/cmake)
[2.839s] -- Found python_cmake_module: 0.10.0 (/opt/ros/humble/share/python_cmake_module/cmake)
[2.915s] -- Found PythonInterp: /usr/bin/python3 (found suitable version "3.10.12", minimum required is "3.6") 
[2.927s] -- Found PythonLibs: /usr/lib/aarch64-linux-gnu/libpython3.10.so (found suitable version "3.10.12", minimum required is "3.5") 
[2.928s] -- Using PYTHON_EXECUTABLE: /usr/bin/python3
[2.928s] -- Using PYTHON_INCLUDE_DIRS: /usr/include/python3.10
[2.929s] -- Using PYTHON_LIBRARIES: /usr/lib/aarch64-linux-gnu/libpython3.10.so
[2.981s] -- Found PythonExtra: .so  
[3.009s] -- Added test 'xmllint' to check XML markup files
[3.011s] -- Added test 'copyright' to check source files copyright and LICENSE
[3.016s] -- Added test 'cppcheck' to perform static code analysis on C / C++ code
[3.017s] -- Configured cppcheck include dirs: /home/rcv/f1tenth_ws/src/f1tenth_system/ackermann_mux/include
[3.017s] -- Configured cppcheck exclude dirs and/or files: 
[3.022s] -- Added test 'cpplint' to check C / C++ code against the Google style
[3.022s] -- Configured cpplint exclude dirs and/or files: 
[3.024s] -- Added test 'flake8' to check Python code syntax and style conventions
[3.027s] -- Added test 'lint_cmake' to check CMake code style
[3.029s] -- Added test 'pep257' to check Python code against some of the docstring style conventions in PEP 257
[3.033s] -- Added test 'uncrustify' to check C / C++ code style
[3.034s] -- Configured uncrustify additional arguments: 
[3.040s] -- Configuring done
[3.065s] -- Generating done
[3.070s] -- Build files have been written to: /home/rcv/f1tenth_ws/build/ackermann_mux
[3.246s] Invoked command in '/home/rcv/f1tenth_ws/build/ackermann_mux' returned '0': CMAKE_PREFIX_PATH=${CMAKE_PREFIX_PATH}:/home/rcv/f1tenth_ws/install/joy_teleop:/home/rcv/f1tenth_ws/install/mouse_teleop:/home/rcv/f1tenth_ws/install/key_teleop:/opt/ros/humble /usr/bin/cmake /home/rcv/f1tenth_ws/src/f1tenth_system/ackermann_mux -DCMAKE_INSTALL_PREFIX=/home/rcv/f1tenth_ws/install/ackermann_mux
[3.250s] Invoking command in '/home/rcv/f1tenth_ws/build/ackermann_mux': CMAKE_PREFIX_PATH=${CMAKE_PREFIX_PATH}:/home/rcv/f1tenth_ws/install/joy_teleop:/home/rcv/f1tenth_ws/install/mouse_teleop:/home/rcv/f1tenth_ws/install/key_teleop:/opt/ros/humble /usr/bin/cmake --build /home/rcv/f1tenth_ws/build/ackermann_mux -- -j4 -l4
[3.375s] [ 25%] [32mBuilding CXX object CMakeFiles/ackermann_mux.dir/src/ackermann_mux.cpp.o[0m
[3.390s] [ 50%] [32mBuilding CXX object CMakeFiles/ackermann_mux.dir/src/ackermann_mux_diagnostics.cpp.o[0m
[3.400s] [ 75%] [32mBuilding CXX object CMakeFiles/ackermann_mux.dir/src/ackermann_mux_node.cpp.o[0m
[44.435s] [100%] [32m[1mLinking CXX executable ackermann_mux[0m
[45.882s] [100%] Built target ackermann_mux
