[0.050s] Invoking command in '/home/rcv/f1tenth_ws/build/vesc_msgs': CMAKE_PREFIX_PATH=${CMAKE_PREFIX_PATH}:/home/rcv/f1tenth_ws/install/joy_teleop:/home/rcv/f1tenth_ws/install/mouse_teleop:/home/rcv/f1tenth_ws/install/key_teleop:/opt/ros/humble /usr/bin/cmake --build /home/rcv/f1tenth_ws/build/vesc_msgs -- -j4 -l4
[0.186s] [35m[1mConsolidate compiler generated dependencies of target vesc_msgs__rosidl_generator_c[0m
[0.197s] [  1%] Built target vesc_msgs__cpp
[0.228s] [35m[1mConsolidate compiler generated dependencies of target vesc_msgs__rosidl_typesupport_cpp[0m
[0.244s] [ 12%] Built target vesc_msgs__rosidl_generator_c
[0.247s] [ 12%] Built target ament_cmake_python_copy_vesc_msgs
[0.271s] [35m[1mConsolidate compiler generated dependencies of target vesc_msgs__rosidl_typesupport_fastrtps_cpp[0m
[0.303s] [35m[1mConsolidate compiler generated dependencies of target vesc_msgs__rosidl_typesupport_introspection_cpp[0m
[0.303s] [35m[1mConsolidate compiler generated dependencies of target vesc_msgs__rosidl_typesupport_fastrtps_c[0m
[0.314s] [ 23%] Built target vesc_msgs__rosidl_typesupport_cpp
[0.333s] [ 34%] Built target vesc_msgs__rosidl_typesupport_fastrtps_cpp
[0.366s] [ 45%] Built target vesc_msgs__rosidl_typesupport_fastrtps_c
[0.376s] [ 56%] Built target vesc_msgs__rosidl_typesupport_introspection_cpp
[0.394s] [35m[1mConsolidate compiler generated dependencies of target vesc_msgs__rosidl_typesupport_introspection_c[0m
[0.402s] [35m[1mConsolidate compiler generated dependencies of target vesc_msgs__rosidl_typesupport_c[0m
[0.440s] [ 67%] Built target vesc_msgs__rosidl_typesupport_c
[0.455s] [ 78%] Built target vesc_msgs__rosidl_typesupport_introspection_c
[0.496s] [ 78%] Built target vesc_msgs
[0.567s] [ 80%] Built target vesc_msgs__py
[0.640s] [35m[1mConsolidate compiler generated dependencies of target vesc_msgs__rosidl_generator_py[0m
[0.705s] [ 89%] Built target vesc_msgs__rosidl_generator_py
[0.758s] [35m[1mConsolidate compiler generated dependencies of target vesc_msgs__rosidl_typesupport_fastrtps_c__pyext[0m
[0.784s] [35m[1mConsolidate compiler generated dependencies of target vesc_msgs__rosidl_typesupport_introspection_c__pyext[0m
[0.803s] [35m[1mConsolidate compiler generated dependencies of target vesc_msgs__rosidl_typesupport_c__pyext[0m
[0.806s] [ 92%] Built target vesc_msgs__rosidl_typesupport_fastrtps_c__pyext
[0.865s] [ 96%] Built target vesc_msgs__rosidl_typesupport_c__pyext
[0.871s] [100%] Built target vesc_msgs__rosidl_typesupport_introspection_c__pyext
[1.135s] running egg_info
[1.138s] writing vesc_msgs.egg-info/PKG-INFO
[1.154s] writing dependency_links to vesc_msgs.egg-info/dependency_links.txt
[1.154s] writing top-level names to vesc_msgs.egg-info/top_level.txt
[1.155s] reading manifest file 'vesc_msgs.egg-info/SOURCES.txt'
[1.155s] writing manifest file 'vesc_msgs.egg-info/SOURCES.txt'
[1.250s] [100%] Built target ament_cmake_python_build_vesc_msgs_egg
[1.281s] Invoked command in '/home/rcv/f1tenth_ws/build/vesc_msgs' returned '0': CMAKE_PREFIX_PATH=${CMAKE_PREFIX_PATH}:/home/rcv/f1tenth_ws/install/joy_teleop:/home/rcv/f1tenth_ws/install/mouse_teleop:/home/rcv/f1tenth_ws/install/key_teleop:/opt/ros/humble /usr/bin/cmake --build /home/rcv/f1tenth_ws/build/vesc_msgs -- -j4 -l4
[1.942s] Invoking command in '/home/rcv/f1tenth_ws/build/vesc_msgs': CMAKE_PREFIX_PATH=${CMAKE_PREFIX_PATH}:/home/rcv/f1tenth_ws/install/joy_teleop:/home/rcv/f1tenth_ws/install/mouse_teleop:/home/rcv/f1tenth_ws/install/key_teleop:/opt/ros/humble /usr/bin/cmake --install /home/rcv/f1tenth_ws/build/vesc_msgs
[1.961s] -- Install configuration: ""
[1.962s] -- Up-to-date: /home/rcv/f1tenth_ws/install/vesc_msgs/share/ament_index/resource_index/rosidl_interfaces/vesc_msgs
[1.962s] -- Up-to-date: /home/rcv/f1tenth_ws/install/vesc_msgs/include/vesc_msgs/vesc_msgs
[1.962s] -- Up-to-date: /home/rcv/f1tenth_ws/install/vesc_msgs/include/vesc_msgs/vesc_msgs/msg
[1.962s] -- Up-to-date: /home/rcv/f1tenth_ws/install/vesc_msgs/include/vesc_msgs/vesc_msgs/msg/vesc_imu_stamped.h
[1.962s] -- Up-to-date: /home/rcv/f1tenth_ws/install/vesc_msgs/include/vesc_msgs/vesc_msgs/msg/vesc_state_stamped.h
[1.963s] -- Up-to-date: /home/rcv/f1tenth_ws/install/vesc_msgs/include/vesc_msgs/vesc_msgs/msg/detail
[1.963s] -- Up-to-date: /home/rcv/f1tenth_ws/install/vesc_msgs/include/vesc_msgs/vesc_msgs/msg/detail/vesc_state__functions.c
[1.963s] -- Up-to-date: /home/rcv/f1tenth_ws/install/vesc_msgs/include/vesc_msgs/vesc_msgs/msg/detail/vesc_state_stamped__functions.c
[1.963s] -- Up-to-date: /home/rcv/f1tenth_ws/install/vesc_msgs/include/vesc_msgs/vesc_msgs/msg/detail/vesc_imu__struct.h
[1.963s] -- Up-to-date: /home/rcv/f1tenth_ws/install/vesc_msgs/include/vesc_msgs/vesc_msgs/msg/detail/vesc_imu__functions.h
[1.964s] -- Up-to-date: /home/rcv/f1tenth_ws/install/vesc_msgs/include/vesc_msgs/vesc_msgs/msg/detail/vesc_state_stamped__type_support.h
[1.964s] -- Up-to-date: /home/rcv/f1tenth_ws/install/vesc_msgs/include/vesc_msgs/vesc_msgs/msg/detail/vesc_state__struct.h
[1.964s] -- Up-to-date: /home/rcv/f1tenth_ws/install/vesc_msgs/include/vesc_msgs/vesc_msgs/msg/detail/vesc_imu_stamped__type_support.h
[1.964s] -- Up-to-date: /home/rcv/f1tenth_ws/install/vesc_msgs/include/vesc_msgs/vesc_msgs/msg/detail/vesc_imu_stamped__functions.c
[1.965s] -- Up-to-date: /home/rcv/f1tenth_ws/install/vesc_msgs/include/vesc_msgs/vesc_msgs/msg/detail/vesc_state__type_support.h
[1.965s] -- Up-to-date: /home/rcv/f1tenth_ws/install/vesc_msgs/include/vesc_msgs/vesc_msgs/msg/detail/vesc_state__functions.h
[1.966s] -- Up-to-date: /home/rcv/f1tenth_ws/install/vesc_msgs/include/vesc_msgs/vesc_msgs/msg/detail/vesc_imu_stamped__struct.h
[1.967s] -- Up-to-date: /home/rcv/f1tenth_ws/install/vesc_msgs/include/vesc_msgs/vesc_msgs/msg/detail/vesc_imu__type_support.h
[1.967s] -- Up-to-date: /home/rcv/f1tenth_ws/install/vesc_msgs/include/vesc_msgs/vesc_msgs/msg/detail/vesc_imu__functions.c
[1.967s] -- Up-to-date: /home/rcv/f1tenth_ws/install/vesc_msgs/include/vesc_msgs/vesc_msgs/msg/detail/vesc_state_stamped__functions.h
[1.967s] -- Up-to-date: /home/rcv/f1tenth_ws/install/vesc_msgs/include/vesc_msgs/vesc_msgs/msg/detail/vesc_imu_stamped__functions.h
[1.967s] -- Up-to-date: /home/rcv/f1tenth_ws/install/vesc_msgs/include/vesc_msgs/vesc_msgs/msg/detail/vesc_state_stamped__struct.h
[1.967s] -- Up-to-date: /home/rcv/f1tenth_ws/install/vesc_msgs/include/vesc_msgs/vesc_msgs/msg/vesc_state.h
[1.967s] -- Up-to-date: /home/rcv/f1tenth_ws/install/vesc_msgs/include/vesc_msgs/vesc_msgs/msg/vesc_imu.h
[1.968s] -- Up-to-date: /home/rcv/f1tenth_ws/install/vesc_msgs/include/vesc_msgs/vesc_msgs/msg/rosidl_generator_c__visibility_control.h
[1.968s] -- Up-to-date: /home/rcv/f1tenth_ws/install/vesc_msgs/share/vesc_msgs/environment/library_path.sh
[1.968s] -- Up-to-date: /home/rcv/f1tenth_ws/install/vesc_msgs/share/vesc_msgs/environment/library_path.dsv
[1.969s] -- Up-to-date: /home/rcv/f1tenth_ws/install/vesc_msgs/lib/libvesc_msgs__rosidl_generator_c.so
[1.969s] -- Up-to-date: /home/rcv/f1tenth_ws/install/vesc_msgs/include/vesc_msgs/vesc_msgs
[1.969s] -- Up-to-date: /home/rcv/f1tenth_ws/install/vesc_msgs/include/vesc_msgs/vesc_msgs/msg
[1.969s] -- Up-to-date: /home/rcv/f1tenth_ws/install/vesc_msgs/include/vesc_msgs/vesc_msgs/msg/rosidl_typesupport_fastrtps_c__visibility_control.h
[1.969s] -- Up-to-date: /home/rcv/f1tenth_ws/install/vesc_msgs/include/vesc_msgs/vesc_msgs/msg/detail
[1.969s] -- Up-to-date: /home/rcv/f1tenth_ws/install/vesc_msgs/include/vesc_msgs/vesc_msgs/msg/detail/vesc_imu__rosidl_typesupport_fastrtps_c.h
[1.970s] -- Up-to-date: /home/rcv/f1tenth_ws/install/vesc_msgs/include/vesc_msgs/vesc_msgs/msg/detail/vesc_state_stamped__rosidl_typesupport_fastrtps_c.h
[1.970s] -- Up-to-date: /home/rcv/f1tenth_ws/install/vesc_msgs/include/vesc_msgs/vesc_msgs/msg/detail/vesc_state__rosidl_typesupport_fastrtps_c.h
[1.970s] -- Up-to-date: /home/rcv/f1tenth_ws/install/vesc_msgs/include/vesc_msgs/vesc_msgs/msg/detail/vesc_imu_stamped__rosidl_typesupport_fastrtps_c.h
[1.970s] -- Up-to-date: /home/rcv/f1tenth_ws/install/vesc_msgs/lib/libvesc_msgs__rosidl_typesupport_fastrtps_c.so
[1.970s] -- Up-to-date: /home/rcv/f1tenth_ws/install/vesc_msgs/include/vesc_msgs/vesc_msgs
[1.971s] -- Up-to-date: /home/rcv/f1tenth_ws/install/vesc_msgs/include/vesc_msgs/vesc_msgs/msg
[1.971s] -- Up-to-date: /home/rcv/f1tenth_ws/install/vesc_msgs/include/vesc_msgs/vesc_msgs/msg/detail
[1.971s] -- Up-to-date: /home/rcv/f1tenth_ws/install/vesc_msgs/include/vesc_msgs/vesc_msgs/msg/detail/vesc_imu_stamped__type_support.c
[1.971s] -- Up-to-date: /home/rcv/f1tenth_ws/install/vesc_msgs/include/vesc_msgs/vesc_msgs/msg/detail/vesc_state_stamped__type_support.c
[1.971s] -- Up-to-date: /home/rcv/f1tenth_ws/install/vesc_msgs/include/vesc_msgs/vesc_msgs/msg/detail/vesc_state__type_support.c
[1.972s] -- Up-to-date: /home/rcv/f1tenth_ws/install/vesc_msgs/include/vesc_msgs/vesc_msgs/msg/detail/vesc_imu__rosidl_typesupport_introspection_c.h
[1.972s] -- Up-to-date: /home/rcv/f1tenth_ws/install/vesc_msgs/include/vesc_msgs/vesc_msgs/msg/detail/vesc_state_stamped__rosidl_typesupport_introspection_c.h
[1.972s] -- Up-to-date: /home/rcv/f1tenth_ws/install/vesc_msgs/include/vesc_msgs/vesc_msgs/msg/detail/vesc_state__rosidl_typesupport_introspection_c.h
[1.972s] -- Up-to-date: /home/rcv/f1tenth_ws/install/vesc_msgs/include/vesc_msgs/vesc_msgs/msg/detail/vesc_imu_stamped__rosidl_typesupport_introspection_c.h
[1.972s] -- Up-to-date: /home/rcv/f1tenth_ws/install/vesc_msgs/include/vesc_msgs/vesc_msgs/msg/detail/vesc_imu__type_support.c
[1.973s] -- Up-to-date: /home/rcv/f1tenth_ws/install/vesc_msgs/include/vesc_msgs/vesc_msgs/msg/rosidl_typesupport_introspection_c__visibility_control.h
[1.973s] -- Up-to-date: /home/rcv/f1tenth_ws/install/vesc_msgs/lib/libvesc_msgs__rosidl_typesupport_introspection_c.so
[1.973s] -- Up-to-date: /home/rcv/f1tenth_ws/install/vesc_msgs/lib/libvesc_msgs__rosidl_typesupport_c.so
[1.973s] -- Up-to-date: /home/rcv/f1tenth_ws/install/vesc_msgs/include/vesc_msgs/vesc_msgs
[1.973s] -- Up-to-date: /home/rcv/f1tenth_ws/install/vesc_msgs/include/vesc_msgs/vesc_msgs/msg
[1.973s] -- Up-to-date: /home/rcv/f1tenth_ws/install/vesc_msgs/include/vesc_msgs/vesc_msgs/msg/detail
[1.973s] -- Up-to-date: /home/rcv/f1tenth_ws/install/vesc_msgs/include/vesc_msgs/vesc_msgs/msg/detail/vesc_state_stamped__traits.hpp
[1.973s] -- Up-to-date: /home/rcv/f1tenth_ws/install/vesc_msgs/include/vesc_msgs/vesc_msgs/msg/detail/vesc_state__builder.hpp
[1.974s] -- Up-to-date: /home/rcv/f1tenth_ws/install/vesc_msgs/include/vesc_msgs/vesc_msgs/msg/detail/vesc_state__traits.hpp
[1.974s] -- Up-to-date: /home/rcv/f1tenth_ws/install/vesc_msgs/include/vesc_msgs/vesc_msgs/msg/detail/vesc_state__struct.hpp
[1.974s] -- Up-to-date: /home/rcv/f1tenth_ws/install/vesc_msgs/include/vesc_msgs/vesc_msgs/msg/detail/vesc_imu__struct.hpp
[1.974s] -- Up-to-date: /home/rcv/f1tenth_ws/install/vesc_msgs/include/vesc_msgs/vesc_msgs/msg/detail/vesc_imu_stamped__builder.hpp
[1.974s] -- Up-to-date: /home/rcv/f1tenth_ws/install/vesc_msgs/include/vesc_msgs/vesc_msgs/msg/detail/vesc_imu__builder.hpp
[1.974s] -- Up-to-date: /home/rcv/f1tenth_ws/install/vesc_msgs/include/vesc_msgs/vesc_msgs/msg/detail/vesc_state_stamped__struct.hpp
[1.974s] -- Up-to-date: /home/rcv/f1tenth_ws/install/vesc_msgs/include/vesc_msgs/vesc_msgs/msg/detail/vesc_imu__traits.hpp
[1.974s] -- Up-to-date: /home/rcv/f1tenth_ws/install/vesc_msgs/include/vesc_msgs/vesc_msgs/msg/detail/vesc_imu_stamped__struct.hpp
[1.975s] -- Up-to-date: /home/rcv/f1tenth_ws/install/vesc_msgs/include/vesc_msgs/vesc_msgs/msg/detail/vesc_imu_stamped__traits.hpp
[1.975s] -- Up-to-date: /home/rcv/f1tenth_ws/install/vesc_msgs/include/vesc_msgs/vesc_msgs/msg/detail/vesc_state_stamped__builder.hpp
[1.975s] -- Up-to-date: /home/rcv/f1tenth_ws/install/vesc_msgs/include/vesc_msgs/vesc_msgs/msg/vesc_state_stamped.hpp
[1.975s] -- Up-to-date: /home/rcv/f1tenth_ws/install/vesc_msgs/include/vesc_msgs/vesc_msgs/msg/vesc_imu_stamped.hpp
[1.975s] -- Up-to-date: /home/rcv/f1tenth_ws/install/vesc_msgs/include/vesc_msgs/vesc_msgs/msg/vesc_state.hpp
[1.975s] -- Up-to-date: /home/rcv/f1tenth_ws/install/vesc_msgs/include/vesc_msgs/vesc_msgs/msg/vesc_imu.hpp
[1.975s] -- Up-to-date: /home/rcv/f1tenth_ws/install/vesc_msgs/include/vesc_msgs/vesc_msgs
[1.977s] -- Up-to-date: /home/rcv/f1tenth_ws/install/vesc_msgs/include/vesc_msgs/vesc_msgs/msg
[1.977s] -- Up-to-date: /home/rcv/f1tenth_ws/install/vesc_msgs/include/vesc_msgs/vesc_msgs/msg/rosidl_typesupport_fastrtps_cpp__visibility_control.h
[1.977s] -- Up-to-date: /home/rcv/f1tenth_ws/install/vesc_msgs/include/vesc_msgs/vesc_msgs/msg/detail
[1.977s] -- Up-to-date: /home/rcv/f1tenth_ws/install/vesc_msgs/include/vesc_msgs/vesc_msgs/msg/detail/vesc_state__rosidl_typesupport_fastrtps_cpp.hpp
[1.977s] -- Up-to-date: /home/rcv/f1tenth_ws/install/vesc_msgs/include/vesc_msgs/vesc_msgs/msg/detail/dds_fastrtps
[1.977s] -- Up-to-date: /home/rcv/f1tenth_ws/install/vesc_msgs/include/vesc_msgs/vesc_msgs/msg/detail/vesc_state_stamped__rosidl_typesupport_fastrtps_cpp.hpp
[1.977s] -- Up-to-date: /home/rcv/f1tenth_ws/install/vesc_msgs/include/vesc_msgs/vesc_msgs/msg/detail/vesc_imu_stamped__rosidl_typesupport_fastrtps_cpp.hpp
[1.978s] -- Up-to-date: /home/rcv/f1tenth_ws/install/vesc_msgs/include/vesc_msgs/vesc_msgs/msg/detail/vesc_imu__rosidl_typesupport_fastrtps_cpp.hpp
[1.978s] -- Up-to-date: /home/rcv/f1tenth_ws/install/vesc_msgs/lib/libvesc_msgs__rosidl_typesupport_fastrtps_cpp.so
[1.978s] -- Up-to-date: /home/rcv/f1tenth_ws/install/vesc_msgs/include/vesc_msgs/vesc_msgs
[1.978s] -- Up-to-date: /home/rcv/f1tenth_ws/install/vesc_msgs/include/vesc_msgs/vesc_msgs/msg
[1.978s] -- Up-to-date: /home/rcv/f1tenth_ws/install/vesc_msgs/include/vesc_msgs/vesc_msgs/msg/detail
[1.978s] -- Up-to-date: /home/rcv/f1tenth_ws/install/vesc_msgs/include/vesc_msgs/vesc_msgs/msg/detail/vesc_state__rosidl_typesupport_introspection_cpp.hpp
[1.978s] -- Up-to-date: /home/rcv/f1tenth_ws/install/vesc_msgs/include/vesc_msgs/vesc_msgs/msg/detail/vesc_state__type_support.cpp
[1.978s] -- Up-to-date: /home/rcv/f1tenth_ws/install/vesc_msgs/include/vesc_msgs/vesc_msgs/msg/detail/vesc_state_stamped__type_support.cpp
[1.979s] -- Up-to-date: /home/rcv/f1tenth_ws/install/vesc_msgs/include/vesc_msgs/vesc_msgs/msg/detail/vesc_state_stamped__rosidl_typesupport_introspection_cpp.hpp
[1.979s] -- Up-to-date: /home/rcv/f1tenth_ws/install/vesc_msgs/include/vesc_msgs/vesc_msgs/msg/detail/vesc_imu_stamped__rosidl_typesupport_introspection_cpp.hpp
[1.979s] -- Up-to-date: /home/rcv/f1tenth_ws/install/vesc_msgs/include/vesc_msgs/vesc_msgs/msg/detail/vesc_imu_stamped__type_support.cpp
[1.979s] -- Up-to-date: /home/rcv/f1tenth_ws/install/vesc_msgs/include/vesc_msgs/vesc_msgs/msg/detail/vesc_imu__type_support.cpp
[1.979s] -- Up-to-date: /home/rcv/f1tenth_ws/install/vesc_msgs/include/vesc_msgs/vesc_msgs/msg/detail/vesc_imu__rosidl_typesupport_introspection_cpp.hpp
[1.979s] -- Up-to-date: /home/rcv/f1tenth_ws/install/vesc_msgs/lib/libvesc_msgs__rosidl_typesupport_introspection_cpp.so
[1.979s] -- Up-to-date: /home/rcv/f1tenth_ws/install/vesc_msgs/lib/libvesc_msgs__rosidl_typesupport_cpp.so
[1.980s] -- Up-to-date: /home/rcv/f1tenth_ws/install/vesc_msgs/share/vesc_msgs/environment/pythonpath.sh
[1.980s] -- Up-to-date: /home/rcv/f1tenth_ws/install/vesc_msgs/share/vesc_msgs/environment/pythonpath.dsv
[1.980s] -- Up-to-date: /home/rcv/f1tenth_ws/install/vesc_msgs/local/lib/python3.10/dist-packages/vesc_msgs-1.2.0-py3.10.egg-info
[1.980s] -- Installing: /home/rcv/f1tenth_ws/install/vesc_msgs/local/lib/python3.10/dist-packages/vesc_msgs-1.2.0-py3.10.egg-info/top_level.txt
[1.980s] -- Installing: /home/rcv/f1tenth_ws/install/vesc_msgs/local/lib/python3.10/dist-packages/vesc_msgs-1.2.0-py3.10.egg-info/SOURCES.txt
[1.980s] -- Installing: /home/rcv/f1tenth_ws/install/vesc_msgs/local/lib/python3.10/dist-packages/vesc_msgs-1.2.0-py3.10.egg-info/PKG-INFO
[1.980s] -- Installing: /home/rcv/f1tenth_ws/install/vesc_msgs/local/lib/python3.10/dist-packages/vesc_msgs-1.2.0-py3.10.egg-info/dependency_links.txt
[1.980s] -- Up-to-date: /home/rcv/f1tenth_ws/install/vesc_msgs/local/lib/python3.10/dist-packages/vesc_msgs
[1.981s] -- Up-to-date: /home/rcv/f1tenth_ws/install/vesc_msgs/local/lib/python3.10/dist-packages/vesc_msgs/msg
[1.981s] -- Up-to-date: /home/rcv/f1tenth_ws/install/vesc_msgs/local/lib/python3.10/dist-packages/vesc_msgs/msg/_vesc_state_s.c
[1.981s] -- Up-to-date: /home/rcv/f1tenth_ws/install/vesc_msgs/local/lib/python3.10/dist-packages/vesc_msgs/msg/_vesc_state_stamped.py
[1.981s] -- Up-to-date: /home/rcv/f1tenth_ws/install/vesc_msgs/local/lib/python3.10/dist-packages/vesc_msgs/msg/_vesc_imu_s.c
[1.981s] -- Up-to-date: /home/rcv/f1tenth_ws/install/vesc_msgs/local/lib/python3.10/dist-packages/vesc_msgs/msg/_vesc_imu_stamped.py
[1.981s] -- Up-to-date: /home/rcv/f1tenth_ws/install/vesc_msgs/local/lib/python3.10/dist-packages/vesc_msgs/msg/_vesc_state.py
[1.981s] -- Up-to-date: /home/rcv/f1tenth_ws/install/vesc_msgs/local/lib/python3.10/dist-packages/vesc_msgs/msg/__init__.py
[1.981s] -- Up-to-date: /home/rcv/f1tenth_ws/install/vesc_msgs/local/lib/python3.10/dist-packages/vesc_msgs/msg/_vesc_imu_stamped_s.c
[1.982s] -- Up-to-date: /home/rcv/f1tenth_ws/install/vesc_msgs/local/lib/python3.10/dist-packages/vesc_msgs/msg/_vesc_state_stamped_s.c
[1.982s] -- Up-to-date: /home/rcv/f1tenth_ws/install/vesc_msgs/local/lib/python3.10/dist-packages/vesc_msgs/msg/_vesc_imu.py
[1.982s] -- Up-to-date: /home/rcv/f1tenth_ws/install/vesc_msgs/local/lib/python3.10/dist-packages/vesc_msgs/vesc_msgs_s__rosidl_typesupport_fastrtps_c.cpython-310-aarch64-linux-gnu.so
[1.982s] -- Up-to-date: /home/rcv/f1tenth_ws/install/vesc_msgs/local/lib/python3.10/dist-packages/vesc_msgs/__init__.py
[1.982s] -- Up-to-date: /home/rcv/f1tenth_ws/install/vesc_msgs/local/lib/python3.10/dist-packages/vesc_msgs/vesc_msgs_s__rosidl_typesupport_introspection_c.cpython-310-aarch64-linux-gnu.so
[1.982s] -- Up-to-date: /home/rcv/f1tenth_ws/install/vesc_msgs/local/lib/python3.10/dist-packages/vesc_msgs/_vesc_msgs_s.ep.rosidl_typesupport_fastrtps_c.c
[1.982s] -- Up-to-date: /home/rcv/f1tenth_ws/install/vesc_msgs/local/lib/python3.10/dist-packages/vesc_msgs/_vesc_msgs_s.ep.rosidl_typesupport_c.c
[1.982s] -- Up-to-date: /home/rcv/f1tenth_ws/install/vesc_msgs/local/lib/python3.10/dist-packages/vesc_msgs/_vesc_msgs_s.ep.rosidl_typesupport_introspection_c.c
[1.983s] -- Up-to-date: /home/rcv/f1tenth_ws/install/vesc_msgs/local/lib/python3.10/dist-packages/vesc_msgs/libvesc_msgs__rosidl_generator_py.so
[1.983s] -- Up-to-date: /home/rcv/f1tenth_ws/install/vesc_msgs/local/lib/python3.10/dist-packages/vesc_msgs/vesc_msgs_s__rosidl_typesupport_c.cpython-310-aarch64-linux-gnu.so
[2.066s] Listing '/home/rcv/f1tenth_ws/install/vesc_msgs/local/lib/python3.10/dist-packages/vesc_msgs'...
[2.066s] Listing '/home/rcv/f1tenth_ws/install/vesc_msgs/local/lib/python3.10/dist-packages/vesc_msgs/msg'...
[2.080s] -- Up-to-date: /home/rcv/f1tenth_ws/install/vesc_msgs/local/lib/python3.10/dist-packages/vesc_msgs/vesc_msgs_s__rosidl_typesupport_fastrtps_c.cpython-310-aarch64-linux-gnu.so
[2.081s] -- Up-to-date: /home/rcv/f1tenth_ws/install/vesc_msgs/local/lib/python3.10/dist-packages/vesc_msgs/vesc_msgs_s__rosidl_typesupport_introspection_c.cpython-310-aarch64-linux-gnu.so
[2.081s] -- Up-to-date: /home/rcv/f1tenth_ws/install/vesc_msgs/local/lib/python3.10/dist-packages/vesc_msgs/vesc_msgs_s__rosidl_typesupport_c.cpython-310-aarch64-linux-gnu.so
[2.082s] -- Up-to-date: /home/rcv/f1tenth_ws/install/vesc_msgs/lib/libvesc_msgs__rosidl_generator_py.so
[2.082s] -- Up-to-date: /home/rcv/f1tenth_ws/install/vesc_msgs/share/vesc_msgs/msg/VescState.idl
[2.082s] -- Up-to-date: /home/rcv/f1tenth_ws/install/vesc_msgs/share/vesc_msgs/msg/VescStateStamped.idl
[2.083s] -- Up-to-date: /home/rcv/f1tenth_ws/install/vesc_msgs/share/vesc_msgs/msg/VescImu.idl
[2.083s] -- Up-to-date: /home/rcv/f1tenth_ws/install/vesc_msgs/share/vesc_msgs/msg/VescImuStamped.idl
[2.083s] -- Up-to-date: /home/rcv/f1tenth_ws/install/vesc_msgs/share/vesc_msgs/msg/VescState.msg
[2.083s] -- Up-to-date: /home/rcv/f1tenth_ws/install/vesc_msgs/share/vesc_msgs/msg/VescStateStamped.msg
[2.084s] -- Up-to-date: /home/rcv/f1tenth_ws/install/vesc_msgs/share/vesc_msgs/msg/VescImu.msg
[2.084s] -- Up-to-date: /home/rcv/f1tenth_ws/install/vesc_msgs/share/vesc_msgs/msg/VescImuStamped.msg
[2.084s] -- Up-to-date: /home/rcv/f1tenth_ws/install/vesc_msgs/share/ament_index/resource_index/package_run_dependencies/vesc_msgs
[2.084s] -- Up-to-date: /home/rcv/f1tenth_ws/install/vesc_msgs/share/ament_index/resource_index/parent_prefix_path/vesc_msgs
[2.085s] -- Up-to-date: /home/rcv/f1tenth_ws/install/vesc_msgs/share/vesc_msgs/environment/ament_prefix_path.sh
[2.085s] -- Up-to-date: /home/rcv/f1tenth_ws/install/vesc_msgs/share/vesc_msgs/environment/ament_prefix_path.dsv
[2.085s] -- Up-to-date: /home/rcv/f1tenth_ws/install/vesc_msgs/share/vesc_msgs/environment/path.sh
[2.085s] -- Up-to-date: /home/rcv/f1tenth_ws/install/vesc_msgs/share/vesc_msgs/environment/path.dsv
[2.085s] -- Up-to-date: /home/rcv/f1tenth_ws/install/vesc_msgs/share/vesc_msgs/local_setup.bash
[2.086s] -- Up-to-date: /home/rcv/f1tenth_ws/install/vesc_msgs/share/vesc_msgs/local_setup.sh
[2.086s] -- Up-to-date: /home/rcv/f1tenth_ws/install/vesc_msgs/share/vesc_msgs/local_setup.zsh
[2.086s] -- Up-to-date: /home/rcv/f1tenth_ws/install/vesc_msgs/share/vesc_msgs/local_setup.dsv
[2.086s] -- Installing: /home/rcv/f1tenth_ws/install/vesc_msgs/share/vesc_msgs/package.dsv
[2.086s] -- Up-to-date: /home/rcv/f1tenth_ws/install/vesc_msgs/share/ament_index/resource_index/packages/vesc_msgs
[2.086s] -- Up-to-date: /home/rcv/f1tenth_ws/install/vesc_msgs/share/vesc_msgs/cmake/export_vesc_msgs__rosidl_generator_cExport.cmake
[2.087s] -- Up-to-date: /home/rcv/f1tenth_ws/install/vesc_msgs/share/vesc_msgs/cmake/export_vesc_msgs__rosidl_generator_cExport-noconfig.cmake
[2.087s] -- Up-to-date: /home/rcv/f1tenth_ws/install/vesc_msgs/share/vesc_msgs/cmake/export_vesc_msgs__rosidl_typesupport_fastrtps_cExport.cmake
[2.087s] -- Up-to-date: /home/rcv/f1tenth_ws/install/vesc_msgs/share/vesc_msgs/cmake/export_vesc_msgs__rosidl_typesupport_fastrtps_cExport-noconfig.cmake
[2.088s] -- Up-to-date: /home/rcv/f1tenth_ws/install/vesc_msgs/share/vesc_msgs/cmake/vesc_msgs__rosidl_typesupport_introspection_cExport.cmake
[2.091s] -- Up-to-date: /home/rcv/f1tenth_ws/install/vesc_msgs/share/vesc_msgs/cmake/vesc_msgs__rosidl_typesupport_introspection_cExport-noconfig.cmake
[2.091s] -- Up-to-date: /home/rcv/f1tenth_ws/install/vesc_msgs/share/vesc_msgs/cmake/vesc_msgs__rosidl_typesupport_cExport.cmake
[2.091s] -- Up-to-date: /home/rcv/f1tenth_ws/install/vesc_msgs/share/vesc_msgs/cmake/vesc_msgs__rosidl_typesupport_cExport-noconfig.cmake
[2.092s] -- Up-to-date: /home/rcv/f1tenth_ws/install/vesc_msgs/share/vesc_msgs/cmake/export_vesc_msgs__rosidl_generator_cppExport.cmake
[2.092s] -- Up-to-date: /home/rcv/f1tenth_ws/install/vesc_msgs/share/vesc_msgs/cmake/export_vesc_msgs__rosidl_typesupport_fastrtps_cppExport.cmake
[2.092s] -- Up-to-date: /home/rcv/f1tenth_ws/install/vesc_msgs/share/vesc_msgs/cmake/export_vesc_msgs__rosidl_typesupport_fastrtps_cppExport-noconfig.cmake
[2.092s] -- Up-to-date: /home/rcv/f1tenth_ws/install/vesc_msgs/share/vesc_msgs/cmake/vesc_msgs__rosidl_typesupport_introspection_cppExport.cmake
[2.092s] -- Up-to-date: /home/rcv/f1tenth_ws/install/vesc_msgs/share/vesc_msgs/cmake/vesc_msgs__rosidl_typesupport_introspection_cppExport-noconfig.cmake
[2.092s] -- Up-to-date: /home/rcv/f1tenth_ws/install/vesc_msgs/share/vesc_msgs/cmake/vesc_msgs__rosidl_typesupport_cppExport.cmake
[2.092s] -- Up-to-date: /home/rcv/f1tenth_ws/install/vesc_msgs/share/vesc_msgs/cmake/vesc_msgs__rosidl_typesupport_cppExport-noconfig.cmake
[2.093s] -- Up-to-date: /home/rcv/f1tenth_ws/install/vesc_msgs/share/vesc_msgs/cmake/export_vesc_msgs__rosidl_generator_pyExport.cmake
[2.093s] -- Up-to-date: /home/rcv/f1tenth_ws/install/vesc_msgs/share/vesc_msgs/cmake/export_vesc_msgs__rosidl_generator_pyExport-noconfig.cmake
[2.093s] -- Up-to-date: /home/rcv/f1tenth_ws/install/vesc_msgs/share/vesc_msgs/cmake/rosidl_cmake-extras.cmake
[2.093s] -- Up-to-date: /home/rcv/f1tenth_ws/install/vesc_msgs/share/vesc_msgs/cmake/ament_cmake_export_dependencies-extras.cmake
[2.093s] -- Up-to-date: /home/rcv/f1tenth_ws/install/vesc_msgs/share/vesc_msgs/cmake/ament_cmake_export_include_directories-extras.cmake
[2.093s] -- Up-to-date: /home/rcv/f1tenth_ws/install/vesc_msgs/share/vesc_msgs/cmake/ament_cmake_export_libraries-extras.cmake
[2.093s] -- Up-to-date: /home/rcv/f1tenth_ws/install/vesc_msgs/share/vesc_msgs/cmake/ament_cmake_export_targets-extras.cmake
[2.094s] -- Up-to-date: /home/rcv/f1tenth_ws/install/vesc_msgs/share/vesc_msgs/cmake/rosidl_cmake_export_typesupport_targets-extras.cmake
[2.094s] -- Up-to-date: /home/rcv/f1tenth_ws/install/vesc_msgs/share/vesc_msgs/cmake/rosidl_cmake_export_typesupport_libraries-extras.cmake
[2.094s] -- Up-to-date: /home/rcv/f1tenth_ws/install/vesc_msgs/share/vesc_msgs/cmake/vesc_msgsConfig.cmake
[2.094s] -- Up-to-date: /home/rcv/f1tenth_ws/install/vesc_msgs/share/vesc_msgs/cmake/vesc_msgsConfig-version.cmake
[2.094s] -- Up-to-date: /home/rcv/f1tenth_ws/install/vesc_msgs/share/vesc_msgs/package.xml
[2.104s] Invoked command in '/home/rcv/f1tenth_ws/build/vesc_msgs' returned '0': CMAKE_PREFIX_PATH=${CMAKE_PREFIX_PATH}:/home/rcv/f1tenth_ws/install/joy_teleop:/home/rcv/f1tenth_ws/install/mouse_teleop:/home/rcv/f1tenth_ws/install/key_teleop:/opt/ros/humble /usr/bin/cmake --install /home/rcv/f1tenth_ws/build/vesc_msgs
