[0.039s] Invoking command in '/home/rcv/f1tenth_ws/build/vesc': AMENT_PREFIX_PATH=/home/rcv/f1tenth_ws/install/vesc_driver:/home/rcv/f1tenth_ws/install/vesc_ackermann:${AMENT_PREFIX_PATH} CMAKE_PREFIX_PATH=/home/rcv/f1tenth_ws/install/vesc_driver:/home/rcv/f1tenth_ws/install/vesc_ackermann:/home/rcv/f1tenth_ws/install/vesc_msgs:/home/rcv/f1tenth_ws/install/teleop_tools:/home/rcv/f1tenth_ws/install/teleop_tools_msgs:/home/rcv/f1tenth_ws/install/ackermann_mux:/home/rcv/f1tenth_ws/install/joy_teleop:/home/rcv/f1tenth_ws/install/mouse_teleop:/home/rcv/f1tenth_ws/install/key_teleop:/opt/ros/humble LD_LIBRARY_PATH=/home/rcv/f1tenth_ws/install/vesc_driver/lib:/home/rcv/f1tenth_ws/install/vesc_ackermann/lib:/home/rcv/f1tenth_ws/install/vesc_msgs/lib:/home/rcv/f1tenth_ws/install/teleop_tools_msgs/lib:/opt/ros/humble/opt/rviz_ogre_vendor/lib:/opt/ros/humble/lib/aarch64-linux-gnu:/opt/ros/humble/lib:/usr/local/cuda-12.2/lib64 /usr/bin/cmake --build /home/rcv/f1tenth_ws/build/vesc -- -j4 -l4
[0.147s] Invoked command in '/home/rcv/f1tenth_ws/build/vesc' returned '0': AMENT_PREFIX_PATH=/home/rcv/f1tenth_ws/install/vesc_driver:/home/rcv/f1tenth_ws/install/vesc_ackermann:${AMENT_PREFIX_PATH} CMAKE_PREFIX_PATH=/home/rcv/f1tenth_ws/install/vesc_driver:/home/rcv/f1tenth_ws/install/vesc_ackermann:/home/rcv/f1tenth_ws/install/vesc_msgs:/home/rcv/f1tenth_ws/install/teleop_tools:/home/rcv/f1tenth_ws/install/teleop_tools_msgs:/home/rcv/f1tenth_ws/install/ackermann_mux:/home/rcv/f1tenth_ws/install/joy_teleop:/home/rcv/f1tenth_ws/install/mouse_teleop:/home/rcv/f1tenth_ws/install/key_teleop:/opt/ros/humble LD_LIBRARY_PATH=/home/rcv/f1tenth_ws/install/vesc_driver/lib:/home/rcv/f1tenth_ws/install/vesc_ackermann/lib:/home/rcv/f1tenth_ws/install/vesc_msgs/lib:/home/rcv/f1tenth_ws/install/teleop_tools_msgs/lib:/opt/ros/humble/opt/rviz_ogre_vendor/lib:/opt/ros/humble/lib/aarch64-linux-gnu:/opt/ros/humble/lib:/usr/local/cuda-12.2/lib64 /usr/bin/cmake --build /home/rcv/f1tenth_ws/build/vesc -- -j4 -l4
[0.194s] Invoking command in '/home/rcv/f1tenth_ws/build/vesc': AMENT_PREFIX_PATH=/home/rcv/f1tenth_ws/install/vesc_driver:/home/rcv/f1tenth_ws/install/vesc_ackermann:${AMENT_PREFIX_PATH} CMAKE_PREFIX_PATH=/home/rcv/f1tenth_ws/install/vesc_driver:/home/rcv/f1tenth_ws/install/vesc_ackermann:/home/rcv/f1tenth_ws/install/vesc_msgs:/home/rcv/f1tenth_ws/install/teleop_tools:/home/rcv/f1tenth_ws/install/teleop_tools_msgs:/home/rcv/f1tenth_ws/install/ackermann_mux:/home/rcv/f1tenth_ws/install/joy_teleop:/home/rcv/f1tenth_ws/install/mouse_teleop:/home/rcv/f1tenth_ws/install/key_teleop:/opt/ros/humble LD_LIBRARY_PATH=/home/rcv/f1tenth_ws/install/vesc_driver/lib:/home/rcv/f1tenth_ws/install/vesc_ackermann/lib:/home/rcv/f1tenth_ws/install/vesc_msgs/lib:/home/rcv/f1tenth_ws/install/teleop_tools_msgs/lib:/opt/ros/humble/opt/rviz_ogre_vendor/lib:/opt/ros/humble/lib/aarch64-linux-gnu:/opt/ros/humble/lib:/usr/local/cuda-12.2/lib64 /usr/bin/cmake --install /home/rcv/f1tenth_ws/build/vesc
[0.213s] -- Install configuration: ""
[0.214s] -- Up-to-date: /home/rcv/f1tenth_ws/install/vesc/share/ament_index/resource_index/package_run_dependencies/vesc
[0.216s] -- Up-to-date: /home/rcv/f1tenth_ws/install/vesc/share/ament_index/resource_index/parent_prefix_path/vesc
[0.217s] -- Up-to-date: /home/rcv/f1tenth_ws/install/vesc/share/vesc/environment/ament_prefix_path.sh
[0.217s] -- Up-to-date: /home/rcv/f1tenth_ws/install/vesc/share/vesc/environment/ament_prefix_path.dsv
[0.217s] -- Up-to-date: /home/rcv/f1tenth_ws/install/vesc/share/vesc/environment/path.sh
[0.217s] -- Up-to-date: /home/rcv/f1tenth_ws/install/vesc/share/vesc/environment/path.dsv
[0.217s] -- Up-to-date: /home/rcv/f1tenth_ws/install/vesc/share/vesc/local_setup.bash
[0.218s] -- Up-to-date: /home/rcv/f1tenth_ws/install/vesc/share/vesc/local_setup.sh
[0.218s] -- Up-to-date: /home/rcv/f1tenth_ws/install/vesc/share/vesc/local_setup.zsh
[0.218s] -- Up-to-date: /home/rcv/f1tenth_ws/install/vesc/share/vesc/local_setup.dsv
[0.218s] -- Up-to-date: /home/rcv/f1tenth_ws/install/vesc/share/vesc/package.dsv
[0.218s] -- Up-to-date: /home/rcv/f1tenth_ws/install/vesc/share/ament_index/resource_index/packages/vesc
[0.218s] -- Up-to-date: /home/rcv/f1tenth_ws/install/vesc/share/vesc/cmake/vescConfig.cmake
[0.218s] -- Up-to-date: /home/rcv/f1tenth_ws/install/vesc/share/vesc/cmake/vescConfig-version.cmake
[0.219s] -- Up-to-date: /home/rcv/f1tenth_ws/install/vesc/share/vesc/package.xml
[0.247s] Invoked command in '/home/rcv/f1tenth_ws/build/vesc' returned '0': AMENT_PREFIX_PATH=/home/rcv/f1tenth_ws/install/vesc_driver:/home/rcv/f1tenth_ws/install/vesc_ackermann:${AMENT_PREFIX_PATH} CMAKE_PREFIX_PATH=/home/rcv/f1tenth_ws/install/vesc_driver:/home/rcv/f1tenth_ws/install/vesc_ackermann:/home/rcv/f1tenth_ws/install/vesc_msgs:/home/rcv/f1tenth_ws/install/teleop_tools:/home/rcv/f1tenth_ws/install/teleop_tools_msgs:/home/rcv/f1tenth_ws/install/ackermann_mux:/home/rcv/f1tenth_ws/install/joy_teleop:/home/rcv/f1tenth_ws/install/mouse_teleop:/home/rcv/f1tenth_ws/install/key_teleop:/opt/ros/humble LD_LIBRARY_PATH=/home/rcv/f1tenth_ws/install/vesc_driver/lib:/home/rcv/f1tenth_ws/install/vesc_ackermann/lib:/home/rcv/f1tenth_ws/install/vesc_msgs/lib:/home/rcv/f1tenth_ws/install/teleop_tools_msgs/lib:/opt/ros/humble/opt/rviz_ogre_vendor/lib:/opt/ros/humble/lib/aarch64-linux-gnu:/opt/ros/humble/lib:/usr/local/cuda-12.2/lib64 /usr/bin/cmake --install /home/rcv/f1tenth_ws/build/vesc
