[0.047s] Invoking command in '/home/rcv/f1tenth_ws/build/vesc_driver': CMAKE_PREFIX_PATH=${CMAKE_PREFIX_PATH}/home/rcv/f1tenth_ws/install/joy_teleop:/home/rcv/f1tenth_ws/install/mouse_teleop:/home/rcv/f1tenth_ws/install/key_teleop:/opt/ros/humble: LD_LIBRARY_PATH=/home/rcv/f1tenth_ws/install/vesc_msgs/lib:/usr/local/cuda-12.2/lib64:/usr/local/cuda-12.2/lib64:/home/rcv/f1tenth_ws/install/teleop_tools_msgs/lib:/opt/ros/humble/opt/rviz_ogre_vendor/lib:/opt/ros/humble/lib/aarch64-linux-gnu:/opt/ros/humble/lib:/usr/local/cuda-12.2/lib64 /usr/bin/cmake /home/rcv/f1tenth_ws/src/f1tenth_system/vesc/vesc_driver -DCMAKE_INSTALL_PREFIX=/home/rcv/f1tenth_ws/install/vesc_driver
[0.178s] -- The C compiler identification is GNU 11.4.0
[0.298s] -- The CXX compiler identification is GNU 11.4.0
[0.319s] -- Detecting C compiler ABI info
[0.477s] -- Detecting C compiler ABI info - done
[0.486s] -- Check for working C compiler: /usr/bin/cc - skipped
[0.487s] -- Detecting C compile features
[0.488s] -- Detecting C compile features - done
[0.495s] -- Detecting CXX compiler ABI info
[0.673s] -- Detecting CXX compiler ABI info - done
[0.682s] -- Check for working CXX compiler: /usr/bin/c++ - skipped
[0.683s] -- Detecting CXX compile features
[0.684s] -- Detecting CXX compile features - done
[0.689s] -- Found ament_cmake_auto: 1.3.10 (/opt/ros/humble/share/ament_cmake_auto/cmake)
[1.121s] -- Found Python3: /usr/bin/python3 (found version "3.10.12") found components: Interpreter 
[1.650s] -- Found rosidl_generator_c: 3.1.5 (/opt/ros/humble/share/rosidl_generator_c/cmake)
[1.661s] -- Found rosidl_adapter: 3.1.5 (/opt/ros/humble/share/rosidl_adapter/cmake)
[1.680s] -- Found rosidl_generator_cpp: 3.1.5 (/opt/ros/humble/share/rosidl_generator_cpp/cmake)
[1.706s] -- Using all available rosidl_typesupport_c: rosidl_typesupport_fastrtps_c;rosidl_typesupport_introspection_c
[1.753s] -- Using all available rosidl_typesupport_cpp: rosidl_typesupport_fastrtps_cpp;rosidl_typesupport_introspection_cpp
[1.867s] -- Found rmw_implementation_cmake: 6.1.2 (/opt/ros/humble/share/rmw_implementation_cmake/cmake)
[1.873s] -- Found rmw_fastrtps_cpp: 6.2.7 (/opt/ros/humble/share/rmw_fastrtps_cpp/cmake)
[2.065s] -- Found OpenSSL: /usr/lib/aarch64-linux-gnu/libcrypto.so (found version "3.0.2")  
[2.133s] -- Found FastRTPS: /opt/ros/humble/include  
[2.233s] -- Using RMW implementation 'rmw_fastrtps_cpp' as default
[2.255s] -- Looking for pthread.h
[2.426s] -- Looking for pthread.h - found
[2.428s] -- Performing Test CMAKE_HAVE_LIBC_PTHREAD
[2.612s] -- Performing Test CMAKE_HAVE_LIBC_PTHREAD - Success
[2.616s] -- Found Threads: TRUE  
[2.934s] [31mCMake Error at /opt/ros/humble/share/io_context/cmake/io_context-extras.cmake:17 (find_package):
[2.934s]   By not providing "Findasio_cmake_module.cmake" in CMAKE_MODULE_PATH this
[2.934s]   project has asked CMake to find a package configuration file provided by
[2.934s]   "asio_cmake_module", but CMake did not find one.
[2.934s] 
[2.935s]   Could not find a package configuration file provided by "asio_cmake_module"
[2.935s]   with any of the following names:
[2.935s] 
[2.935s]     asio_cmake_moduleConfig.cmake
[2.935s]     asio_cmake_module-config.cmake
[2.935s] 
[2.935s]   Add the installation prefix of "asio_cmake_module" to CMAKE_PREFIX_PATH or
[2.935s]   set "asio_cmake_module_DIR" to a directory containing one of the above
[2.935s]   files.  If "asio_cmake_module" provides a separate development package or
[2.936s]   SDK, be sure it has been installed.
[2.936s] Call Stack (most recent call first):
[2.936s]   /opt/ros/humble/share/io_context/cmake/io_contextConfig.cmake:41 (include)
[2.936s]   /opt/ros/humble/share/serial_driver/cmake/ament_cmake_export_dependencies-extras.cmake:21 (find_package)
[2.936s]   /opt/ros/humble/share/serial_driver/cmake/serial_driverConfig.cmake:41 (include)
[2.936s]   /opt/ros/humble/share/ament_cmake_auto/cmake/ament_auto_find_build_dependencies.cmake:67 (find_package)
[2.936s]   CMakeLists.txt:14 (ament_auto_find_build_dependencies)
[2.936s] 
[2.937s] [0m
[2.937s] -- Configuring incomplete, errors occurred!
[2.937s] See also "/home/rcv/f1tenth_ws/build/vesc_driver/CMakeFiles/CMakeOutput.log".
[2.967s] Invoked command in '/home/rcv/f1tenth_ws/build/vesc_driver' returned '1': CMAKE_PREFIX_PATH=${CMAKE_PREFIX_PATH}/home/rcv/f1tenth_ws/install/joy_teleop:/home/rcv/f1tenth_ws/install/mouse_teleop:/home/rcv/f1tenth_ws/install/key_teleop:/opt/ros/humble: LD_LIBRARY_PATH=/home/rcv/f1tenth_ws/install/vesc_msgs/lib:/usr/local/cuda-12.2/lib64:/usr/local/cuda-12.2/lib64:/home/rcv/f1tenth_ws/install/teleop_tools_msgs/lib:/opt/ros/humble/opt/rviz_ogre_vendor/lib:/opt/ros/humble/lib/aarch64-linux-gnu:/opt/ros/humble/lib:/usr/local/cuda-12.2/lib64 /usr/bin/cmake /home/rcv/f1tenth_ws/src/f1tenth_system/vesc/vesc_driver -DCMAKE_INSTALL_PREFIX=/home/rcv/f1tenth_ws/install/vesc_driver
